============================================================
简历批量下载工具 V2
============================================================
下载目录: /Users/changchun/Desktop/job_scraper/resumes

正在打开登录页面...

============================================================
请手动完成登录：
1. 在浏览器中输入账号和密码
2. 点击登录按钮
3. 等待页面跳转到投递记录页面
============================================================

等待登录完成...
  等待中... (10秒)
  等待中... (20秒)
  等待中... (30秒)

✓ 登录成功！检测到 10 行数据

============================================================
开始收集数据并下载（测试模式）...
============================================================
✓ 使用当前页数据（测试模式）

找到 10 行数据

简历列索引: 3, 名企直推投递列索引: 4

============================================================
开始批量下载（测试模式：前5个）...
============================================================

[1/5] 正在下载: 姓名：aimee，期望城市：北京，投递岗位：安全员，现居地：大连，备注：求职教练 试一下~.docx
  名企直推投递: 姓名：aimee，期望城市：北京，投递岗位：安全员，现居地：大连，备注：求职教练 试一下~...
  ✗ 下载失败: 'Browser' object has no attribute 'pages'

[2/5] 正在下载: 姓名：王若舟，期望城市：杭州、深圳、成都、上海、北京、广州，投递岗位：品牌及新媒体运营管培生，现居地：韩国，备注：Aimee.pdf
  名企直推投递: 姓名：王若舟，期望城市：杭州、深圳、成都、上海、北京、广州，投递岗位：品牌及新媒体运营管培生，现居地：韩国，备注：Aimee...
  ✗ 下载失败: 'Browser' object has no attribute 'pages'

[3/5] 正在下载: 姓名：商高赫，期望城市：青岛，投递岗位：管培生，现居地：齐齐哈尔，备注：.pdf
  名企直推投递: 姓名：商高赫，期望城市：青岛，投递岗位：管培生，现居地：齐齐哈尔，备注：...
  ✗ 下载失败: 'Browser' object has no attribute 'pages'

[4/5] 正在下载: 姓名：商高赫，期望城市：北上广深，投递岗位：运营管培生-文旅中台；新媒体运营管培生，现居地：齐齐哈尔，备注：.pdf
  名企直推投递: 姓名：商高赫，期望城市：北上广深，投递岗位：运营管培生-文旅中台；新媒体运营管培生，现居地：齐齐哈尔，备注：...
  ✗ 下载失败: 'Browser' object has no attribute 'pages'

[5/5] 正在下载: 姓名：黎又榕，期望城市：武汉 深圳，投递岗位：人力资源管理，现居地：长沙，备注：Mily.pdf
  名企直推投递: 姓名：黎又榕，期望城市：武汉 深圳，投递岗位：人力资源管理，现居地：长沙，备注：Mily...
  ✗ 下载失败: 'Browser' object has no attribute 'pages'

测试模式：已处理前5个，停止

============================================================
下载完成！
成功: 0 个
失败: 5 个
跳过: 0 个
保存位置: /Users/changchun/Desktop/job_scraper/resumes
============================================================

按回车键关闭浏览器...Traceback (most recent call last):
  File "/Users/changchun/Desktop/job_scraper/resume_downloader_v2.py", line 273, in <module>
    input("\n按回车键关闭浏览器...")
EOFError: EOF when reading a line
