
============================================================
特定需求岗位抓取脚本
============================================================

开始时间: 2025-12-08 14:55:03
正在启动浏览器...
✓ 浏览器启动成功！

[1/30] 处理配置 1...

============================================================
配置: 风控, 运营, 市场... | 苏州...
============================================================
    正在搜索前程无忧: 风控 | 苏州
    ✓ 使用选择器: div[class*="job"]
    ✓ 找到 122 个职位
      ✓ [1] 苏州彤帆智能科技有限公司 - 风控经理...
      ✓ [7] 苏州彤帆智能科技有限公司 - 苏州彤帆智能科技有限公司...
      ✓ [8] 苏州市投资有限公司 - 风控审批（汽车金融）...
      ✓ [13] 苏州市投资有限公司 - 苏州市投资有限公司...
      ✓ [14] 江苏博俊工业科技股份有限公司 - 内部审计师...
  ✓ 本配置共抓取 0 个职位

[2/30] 处理配置 2...

============================================================
配置: 人力资源, HR, 人事... | 全国...
============================================================
    正在搜索前程无忧: 人力资源 | 北京
    ✓ 使用选择器: div[class*="job"]
    ✓ 找到 120 个职位
      ✓ [1] 北京中科航天人才服务有限公司 - 人力资源客户服务专员-航天城...
      ✓ [7] 北京中科航天人才服务有限公司 - 北京中科航天人才服务有限公司...
      ✓ [8] 北京汽车研究总院有限公司 - HRBP...
      ✓ [13] 北京汽车研究总院有限公司 - 北京汽车研究总院有限公司...
      ✓ [14] 上海外服（集团）有限公司 - （代招）人事专员G13818...
  ✓ 本配置共抓取 2 个职位

[3/30] 处理配置 3...

============================================================
配置: 生物医药, 医药研发, 药物研发... | 全国...
============================================================
    正在搜索前程无忧: 生物医药 | 北京
    ✓ 使用选择器: div[class*="job"]
    ✓ 找到 122 个职位
      ✓ [1] 昊邦医药集团有限公司 - 省区经理-北京(J10051)...
      ✓ [7] 昊邦医药集团有限公司 - 昊邦医药集团有限公司...
      ✓ [8] 百济神州（北京）生物科技有限公司 - 体内药理科研员，北京...
      ✓ [13] 百济神州（北京）生物科技有限公司 - 百济神州（北京）生物科技有限公司...
      ✓ [14] 翼思生物医药（上海）有限公司 - 医学联络官/MSL...
  ✓ 本配置共抓取 2 个职位

[4/30] 处理配置 4...

============================================================
配置: 英语教师, 英语老师, TESOL... | 全国...
============================================================
    正在搜索前程无忧: 英语教师 | 北京
    ✓ 使用选择器: div[class*="job"]
    ✓ 找到 121 个职位
      ✓ [1] 厦门久趣教育科技有限公司 - 急招英语绘本带读老师（免通勤/时间灵活）...
      ✓ [7] 厦门久趣教育科技有限公司 - 厦门久趣教育科技有限公司...
      ✓ [8] 北京森诺教育咨询有限公司 - 剑桥五级老师...
      ✓ [13] 北京森诺教育咨询有限公司 - 北京森诺教育咨询有限公司...
      ✓ [14] 北京故事森林文化传播有限公司 - 外研社分级阅读馆 ——幼少儿英语教师 系统培训...
  ✓ 本配置共抓取 2 个职位

[5/30] 处理配置 5...

============================================================
配置: 化学药物研发, 药物化学, 化学合成... | 江苏, 浙江...
============================================================
    正在搜索前程无忧: 化学药物研发 | 南京
    ✓ 使用选择器: div[class*="job"]
    ✓ 找到 122 个职位
      ✓ [1] 南京合谷生命生物科技有限公司 - 分析开发组长...
      ✓ [7] 南京合谷生命生物科技有限公司 - 南京合谷生命生物科技有限公司...
      ✓ [8] 溧阳瑅赛生物医药有限公司 - 分子技术主管...
      ✓ [13] 溧阳瑅赛生物医药有限公司 - 溧阳瑅赛生物医药有限公司...
      ✓ [14] 江苏柯菲平医药股份有限公司 - 小核酸药物研发科学家...
  ✓ 本配置共抓取 2 个职位

[6/30] 处理配置 6...

============================================================
配置: 策展助理, 科普展览, 文案编辑... | 北京, 上海...
============================================================
    正在搜索前程无忧: 策展助理 | 北京
    ✓ 使用选择器: div[class*="job"]
    ✓ 找到 122 个职位
      ✓ [1] 优易达（武汉）有限公司 - 商务助理...
      ✓ [7] 优易达（武汉）有限公司 - 优易达（武汉）有限公司...
      ✓ [8] 中建电子信息技术有限公司 - 企划管理岗...
      ✓ [13] 中建电子信息技术有限公司 - 中建电子信息技术有限公司...
      ✓ [14] 上海佩琪信息技术有限公司 - 会议服务6500双休...
  ✓ 本配置共抓取 2 个职位

[7/30] 处理配置 7...

============================================================
配置: 外贸业务, 海外客户, 客户关系... | 上海...
============================================================
    正在搜索前程无忧: 外贸业务 | 上海
    ✓ 使用选择器: div[class*="job"]
    ✓ 找到 122 个职位
      ✓ [1] 上海敏纺工贸有限公司 - 外贸业务员...
      ✓ [7] 上海敏纺工贸有限公司 - 上海敏纺工贸有限公司...
      ✓ [8] 香港雅伦远东有限公司上海代表处 - Merchandiser of Home Products...
      ✓ [13] 香港雅伦远东有限公司上海代表处 - 香港雅伦远东有限公司上海代表处...
      ✓ [14] 特力（中国）商贸有限公司 - 外贸业务-工具...
  ✓ 本配置共抓取 0 个职位

[8/30] 处理配置 8...

============================================================
配置: 法务, 法律, 合规... | 山西, 陕西...
============================================================
    正在搜索前程无忧: 法务 | 太原
    ✓ 使用选择器: div[class*="job"]
    ✓ 找到 121 个职位
      ✓ [1] 新城悦物业服务股份有限公司 - 法务经理（全年15薪）...
      ✓ [7] 新城悦物业服务股份有限公司 - 新城悦物业服务股份有限公司...
      ✓ [8] 上海泰达实业发展有限公司 - 法务部部长助理/经理/主管/专员...
      ✓ [13] 上海泰达实业发展有限公司 - 上海泰达实业发展有限公司...
      ✓ [14] 深圳市元征科技股份有限公司 - 海外法务...
  ✓ 本配置共抓取 0 个职位

[9/30] 处理配置 9...

============================================================
配置: 技术研发, 制造, 临床应用... | 江苏, 浙江...
============================================================
    正在搜索前程无忧: 技术研发 | 南京
    ✓ 使用选择器: div[class*="job"]
    ✓ 找到 118 个职位
      ✓ [1] 苏世博（南京）减振系统有限公司 - 研发工程师 R&D Engineer...
      ✓ [6] 苏世博（南京）减振系统有限公司 - 苏世博（南京）减振系统有限公司...
      ✓ [7] 江苏霆升科技有限公司 - 机械工程师...
      ✓ [12] 江苏霆升科技有限公司 - 江苏霆升科技有限公司...
      ✓ [13] 江苏江南生态碳科技（集团）股份有限公司 - 工艺研发工程师...
  ✓ 本配置共抓取 2 个职位

[10/30] 处理配置 10...

============================================================
配置: 环境, ESG, 稀土... | 北京, 上海...
============================================================
    正在搜索前程无忧: 环境 | 北京
    ✓ 使用选择器: div[class*="job"]
    ✓ 找到 122 个职位
      ✓ [1] 曼迪匹艾（北京）科技服务有限公司 - 环境科学与工程类 英文学术期刊助理编辑...
      ✓ [7] 曼迪匹艾（北京）科技服务有限公司 - 曼迪匹艾（北京）科技服务有限公司...
      ✓ [8] 北京必逅科技发展有限公司 - 环境检测采样员...
      ✓ [13] 北京必逅科技发展有限公司 - 北京必逅科技发展有限公司...
      ✓ [14] 安阳花途信息科技有限公司 - 环境评价师（双休）...
  ✓ 本配置共抓取 2 个职位

[11/30] 处理配置 11...

============================================================
配置: TESOL, 国际学校老师, 心理辅导... | 广州, 深圳...
============================================================
    正在搜索前程无忧: TESOL | 广州
    ✓ 使用选择器: div[class*="job"]
    ✓ 找到 44 个职位
      ✓ [1] 岳阳环思文化传播有限公司 - 少儿英语老师...
      ✓ [7] 岳阳环思文化传播有限公司 - 岳阳环思文化传播有限公司...
      ✓ [8] 广州艾娃语言文化有限公司 - 外籍英语老师...
      ✓ [13] 广州艾娃语言文化有限公司 - 广州艾娃语言文化有限公司...
      ✓ [14] 广州市越秀区柏时培训中心有限公司 - 代课英语老师...
  ✓ 本配置共抓取 2 个职位

[12/30] 处理配置 12...

============================================================
配置: CSR, ESG, 咨询... | 广州, 深圳...
============================================================
    正在搜索前程无忧: CSR | 广州
    ✓ 使用选择器: div[class*="job"]
    ✓ 找到 121 个职位
      ✓ [1] 格里菲（北京）商务咨询服务有限公司 - Operations Executive (Oversea ...
      ✓ [7] 格里菲（北京）商务咨询服务有限公司 - 格里菲（北京）商务咨询服务有限公司...
      ✓ [8] 广州敬信高聚物科技有限公司 - 业务助理...
      ✓ [13] 广州敬信高聚物科技有限公司 - 广州敬信高聚物科技有限公司...
      ✓ [14] Bureau Veritas 深圳必维华法商品检定有限公司蛇口分公司 - 审核员(Auditor)-CSR...
  ✓ 本配置共抓取 2 个职位

[13/30] 处理配置 13...

============================================================
配置: 精算师, 精算, 保险精算... | 北京, 上海...
============================================================
    正在搜索前程无忧: 精算师 | 北京
    ✓ 使用选择器: div[class*="job"]
    ✓ 找到 121 个职位
      ✓ [1] 石家庄迈众人力资源服务有限公司 - 数据分析师...
      ✓ [7] 石家庄迈众人力资源服务有限公司 - 石家庄迈众人力资源服务有限公司...
      ✓ [8] 北京京铭宏硕科技有限公司 - 数据分析师...
      ✓ [13] 北京京铭宏硕科技有限公司 - 北京京铭宏硕科技有限公司...
      ✓ [14] 现代财产保险（中国）有限公司 - 数据运营(J10248)...
  ✓ 本配置共抓取 2 个职位

[14/30] 处理配置 14...

============================================================
配置: 体育老师, 体育教师, 体育教学... | 北京...
============================================================
    正在搜索前程无忧: 体育老师 | 北京
    ✓ 使用选择器: div[class*="job"]
    ✓ 找到 120 个职位
      ✓ [1] 北京腾天文化艺术交流有限公司 - 国际学校兴趣课老师...
      ✓ [7] 北京腾天文化艺术交流有限公司 - 北京腾天文化艺术交流有限公司...
      ✓ [8] 北京经济技术开发区耀华京港学校 - 体育老师...
      ✓ [12] 北京经济技术开发区耀华京港学校 - 北京经济技术开发区耀华京港学校...
      ✓ [13] 山东瑞洋国际船舶管理有限公司 - 青年辅导员(Youth Staff)...
  ✓ 本配置共抓取 2 个职位

[15/30] 处理配置 15...

============================================================
配置: 政府事务, 国际组织, 公共事务... | 全国...
============================================================
    正在搜索前程无忧: 政府事务 | 北京
    ✓ 使用选择器: div[class*="job"]
    ✓ 找到 122 个职位
      ✓ [1] 勃林格殷格翰（中国）投资有限公司 - 中央政府事务与准入专员 ID196176...
      ✓ [8] 诺戴商务咨询（上海）有限公司 - Permitting Engineer （政府许可)...
      ✓ [13] 诺戴商务咨询（上海）有限公司 - 诺戴商务咨询（上海）有限公司...
      ✓ [14] 信达生物制药（苏州）有限公司 - 政府事务总监/副总监(中央/北京)(J20943)...
  ✓ 本配置共抓取 2 个职位

[16/30] 处理配置 16...

============================================================
配置: 辅导员, 教务, 教育管理... | 杭州...
============================================================
    正在搜索前程无忧: 辅导员 | 杭州
    ✓ 使用选择器: div[class*="job"]
    ✓ 找到 121 个职位
      ✓ [1] 新东方大学事业部 - 学习管理师...
      ✓ [7] 新东方大学事业部 - 新东方大学事业部...
      ✓ [8] 河北瑞仕达科技有限公司 - 档案管理员...
      ✓ [13] 河北瑞仕达科技有限公司 - 河北瑞仕达科技有限公司...
      ✓ [14] 浙大城市学院继续教育学院 - 教师教育培训市场岗...
  ✓ 本配置共抓取 2 个职位

[17/30] 处理配置 17...

============================================================
配置: 材料, 材料工程, 材料研发... | 江苏, 浙江...
============================================================
    正在搜索前程无忧: 材料 | 南京
    ✓ 使用选择器: div[class*="job"]
    ✓ 找到 121 个职位
      ✓ [1] 中铁建工集团有限公司南京分公司 - 材料员...
      ✓ [7] 中铁建工集团有限公司南京分公司 - 中铁建工集团有限公司南京分公司...
      ✓ [8] 南京华坤高端装备有限公司 - 金相检验员...
      ✓ [13] 南京华坤高端装备有限公司 - 南京华坤高端装备有限公司...
      ✓ [14] 江苏同盟汽车零部件实业有限公司 - 五险一金双休招研发工程师...
  ✓ 本配置共抓取 2 个职位

[18/30] 处理配置 18...

============================================================
配置: 插画, 平面设计, 视觉设计... | 全国...
============================================================
    正在搜索前程无忧: 插画 | 北京
    ✓ 使用选择器: div[class*="job"]
    ✓ 找到 121 个职位
      ✓ [1] 咸阳振罗威商贸有限公司 - 美工学徒...
      ✓ [7] 咸阳振罗威商贸有限公司 - 咸阳振罗威商贸有限公司...
      ✓ [8] 北京海泰瑞德科技发展有限公司 - 平面设计/美工...
      ✓ [13] 北京海泰瑞德科技发展有限公司 - 北京海泰瑞德科技发展有限公司...
      ✓ [14] 北京纳沃佩思艺术设计有限公司 - 助理设计师（陈设艺术方向）...
  ✓ 本配置共抓取 2 个职位

[19/30] 处理配置 19...

============================================================
配置: 金融, 投资, 风控... | 深圳...
============================================================
    正在搜索前程无忧: 金融 | 深圳
    ✓ 使用选择器: div[class*="job"]
    ✓ 找到 121 个职位
      ✓ [1] 深圳市东怡数字科技有限公司 - 汽车金融销售...
      ✓ [7] 深圳市东怡数字科技有限公司 - 深圳市东怡数字科技有限公司...
      ✓ [8] 华泰证券股份有限公司深圳分公司 - 财经IP岗...
      ✓ [13] 华泰证券股份有限公司深圳分公司 - 华泰证券股份有限公司深圳分公司...
      ✓ [14] 中国平安人寿保险股份有限公司深圳分公司 - 金融保险销售员...
  ✓ 本配置共抓取 2 个职位

[20/30] 处理配置 20...

============================================================
配置: 人力资源, HR, 人事... | 北京, 上海...
============================================================
    正在搜索前程无忧: 人力资源 | 北京
    ✓ 使用选择器: div[class*="job"]
    ✓ 找到 120 个职位
    正在搜索前程无忧: 人力资源 | 上海
    ✓ 使用选择器: div[class*="job"]
    ✓ 找到 121 个职位
      ✓ [1] 纽克达生物科技（上海）有限公司 - HRBP...
      ✓ [7] 纽克达生物科技（上海）有限公司 - 纽克达生物科技（上海）有限公司...
      ✓ [8] 欧葆庭（上海）投资有限公司 - 人事行政主管...
      ✓ [13] 欧葆庭（上海）投资有限公司 - 欧葆庭（上海）投资有限公司...
      ✓ [14] 长春捷翼汽车科技股份有限公司 - 事业部HRBP...
  ✓ 本配置共抓取 0 个职位

[21/30] 处理配置 21...

============================================================
配置: 市场, 市场营销, 互联网运营... | 上海...
============================================================
    正在搜索前程无忧: 市场 | 上海
    ✓ 使用选择器: div[class*="job"]
    ✓ 找到 122 个职位
      ✓ [1] 择幂（上海）科技有限公司 - Marketing Manager...
      ✓ [7] 择幂（上海）科技有限公司 - 择幂（上海）科技有限公司...
      ✓ [8] 盖茨优霓塔传动系统（苏州）有限公司 - 市场专员...
      ✓ [13] 盖茨优霓塔传动系统（苏州）有限公司 - 盖茨优霓塔传动系统（苏州）有限公司...
      ✓ [14] 特力（中国）商贸有限公司 - 产品市场经理...
  ✓ 本配置共抓取 2 个职位

[22/30] 处理配置 22...

============================================================
配置: 数据分析, 数据, 数据科学... | 全国...
============================================================
    正在搜索前程无忧: 数据分析 | 北京
    ✓ 使用选择器: div[class*="job"]
    ✓ 找到 122 个职位
      ✓ [8] 清华大学 - 应用运行管理高级专员...
      ✓ [13] 清华大学 - 清华大学...
  ✓ 本配置共抓取 2 个职位

[23/30] 处理配置 23...

============================================================
配置: 数据分析, 商业分析, 数据科学... | 上海...
============================================================
    正在搜索前程无忧: 数据分析 | 上海
    ✓ 使用选择器: div[class*="job"]
    ✓ 找到 122 个职位
      ✓ [1] 上海各茏科技有限公司 - 助理数据分析师...
      ✓ [7] 上海各茏科技有限公司 - 上海各茏科技有限公司...
      ✓ [8] 卫宁健康科技集团股份有限公司 - 数据产品经理...
      ✓ [13] 卫宁健康科技集团股份有限公司 - 卫宁健康科技集团股份有限公司...
      ✓ [14] 润欣商业投资（深圳）有限公司上海分公司 - 营运数据分析...
  ✓ 本配置共抓取 2 个职位

[24/30] 处理配置 24...

============================================================
配置: 总裁特助, 文艺演出, 演唱会策划... | 北京, 杭州...
============================================================
    正在搜索前程无忧: 总裁特助 | 北京
    ✓ 使用选择器: div[class*="job"]
    ✓ 找到 122 个职位
      ✓ [1] 深圳卓辉能源投资有限公司 - 董事长秘书（北京）...
      ✓ [7] 深圳卓辉能源投资有限公司 - 深圳卓辉能源投资有限公司...
      ✓ [8] InnoCare诺诚健华 - Executive Assistant (J10335)...
      ✓ [13] InnoCare诺诚健华 - InnoCare诺诚健华...
      ✓ [14] 宇超电力股份有限公司 - 营销总经理助理（电气专业）...
  ✓ 本配置共抓取 2 个职位

[25/30] 处理配置 25...

============================================================
配置: 内容运营, 内容, 运营... | 广州...
============================================================
    正在搜索前程无忧: 内容运营 | 广州
    ✓ 使用选择器: div[class*="job"]
    ✓ 找到 122 个职位
      ✓ [1] 广州幸福晚晴网络科技有限公司 - 活动运营策划...
      ✓ [7] 广州幸福晚晴网络科技有限公司 - 广州幸福晚晴网络科技有限公司...
      ✓ [8] 深圳恒拓高科信息技术有限公司 - 新媒体运营专员...
      ✓ [13] 深圳恒拓高科信息技术有限公司 - 深圳恒拓高科信息技术有限公司...
      ✓ [14] 广州新一家饮食管理有限公司 - 新媒体运营...
  ✓ 本配置共抓取 2 个职位

[26/30] 处理配置 26...

============================================================
配置: 量化, 量化交易, 量化分析... | 北京, 上海...
============================================================
    正在搜索前程无忧: 量化 | 北京
    ✓ 使用选择器: div[class*="job"]
    ✓ 找到 121 个职位
      ✓ [1] 中信期货有限公司 - 研究所-金融与量化研究部-权益及期权策略研究岗G01306...
      ✓ [7] 中信期货有限公司 - 中信期货有限公司...
      ✓ [8] 清华大学 - 金融安全研究中心初级研究专员...
  ✓ 本配置共抓取 2 个职位

[27/30] 处理配置 27...

============================================================
配置: 供应链管理, 项目管理, 供应链... | 上海, 杭州...
============================================================
    正在搜索前程无忧: 供应链管理 | 上海
    ✓ 使用选择器: div[class*="job"]
    ✓ 找到 2 个职位
    正在搜索前程无忧: 供应链管理 | 杭州
    ✓ 使用选择器: div[class*="job"]
    ✓ 找到 2 个职位
    正在搜索前程无忧: 项目管理 | 上海
    ✓ 使用选择器: div[class*="job"]
    ✓ 找到 2 个职位
    正在搜索前程无忧: 项目管理 | 杭州
    ✓ 使用选择器: div[class*="job"]
    ✓ 找到 2 个职位
  ✓ 本配置共抓取 0 个职位

[28/30] 处理配置 28...

============================================================
配置: 审计, 财务, 投资... | 上海...
============================================================
    正在搜索前程无忧: 审计 | 上海
    ✓ 使用选择器: div[class*="job"]
    ✓ 找到 2 个职位
    正在搜索前程无忧: 财务 | 上海
    ✓ 使用选择器: div[class*="job"]
    ✓ 找到 2 个职位
  ✓ 本配置共抓取 0 个职位

[29/30] 处理配置 29...

============================================================
配置: 市场, 品牌, 运营... | 江苏, 浙江...
============================================================
    正在搜索前程无忧: 市场 | 南京
    ✓ 使用选择器: div[class*="job"]
    ✓ 找到 2 个职位
    正在搜索前程无忧: 市场 | 苏州
    ✓ 使用选择器: div[class*="job"]
    ✓ 找到 2 个职位
    正在搜索前程无忧: 品牌 | 南京
    ✓ 使用选择器: div[class*="job"]
    ✓ 找到 2 个职位
    正在搜索前程无忧: 品牌 | 苏州
    ✓ 使用选择器: div[class*="job"]
    ✓ 找到 2 个职位
  ✓ 本配置共抓取 0 个职位

[30/30] 处理配置 30...

============================================================
配置: 策划, 活动策划, 品牌策划... | 北京...
============================================================
    正在搜索前程无忧: 策划 | 北京
    ✓ 使用选择器: div[class*="job"]
    ✓ 找到 2 个职位
    正在搜索前程无忧: 活动策划 | 北京
    ✓ 使用选择器: div[class*="job"]
    ✓ 找到 2 个职位
  ✓ 本配置共抓取 0 个职位

✓ 数据已保存至: 特定需求岗位.xlsx
  共 44 条记录

============================================================
📊 抓取结果摘要
============================================================
✅ 共抓取到 44 个岗位

📋 岗位列表预览：
------------------------------------------------------------

【岗位 1】
  公司名称: 北京中科航天人才服务有限公司
  岗位名称: 人力资源客户服务专员-航天城
  工作地点: 北京
  招聘类型: 社招 | 招聘对象: 2024/2025/2026届
  薪资: 面议
  链接: https://search.51job.com/list/000000,000000,0000,00,9,99,%E5...

【岗位 2】
  公司名称: 北京中科航天人才服务有限公司
  岗位名称: 北京中科航天人才服务有限公司
  工作地点: 北京
  招聘类型: 社招 | 招聘对象: 2024/2025/2026届
  薪资: 面议
  链接: https://search.51job.com/list/000000,000000,0000,00,9,99,%E5...

【岗位 3】
  公司名称: 昊邦医药集团有限公司
  岗位名称: 省区经理-北京(J10051)
  工作地点: 北京
  招聘类型: 社招 | 招聘对象: 2024/2025/2026届
  薪资: 面议
  链接: https://search.51job.com/list/000000,000000,0000,00,9,99,%E6...

【岗位 4】
  公司名称: 昊邦医药集团有限公司
  岗位名称: 昊邦医药集团有限公司
  工作地点: 北京
  招聘类型: 社招 | 招聘对象: 2024/2025/2026届
  薪资: 面议
  链接: https://search.51job.com/list/000000,000000,0000,00,9,99,%E6...

【岗位 5】
  公司名称: 厦门久趣教育科技有限公司
  岗位名称: 急招英语绘本带读老师（免通勤/时间灵活）
  工作地点: 远程办公
  招聘类型: 社招 | 招聘对象: 2024/2025/2026届
  薪资: 面议
  链接: https://search.51job.com/list/000000,000000,0000,00,9,99,%E5...

【岗位 6】
  公司名称: 厦门久趣教育科技有限公司
  岗位名称: 厦门久趣教育科技有限公司
  工作地点: 远程办公
  招聘类型: 社招 | 招聘对象: 2024/2025/2026届
  薪资: 面议
  链接: https://search.51job.com/list/000000,000000,0000,00,9,99,%E5...

【岗位 7】
  公司名称: 南京合谷生命生物科技有限公司
  岗位名称: 分析开发组长
  工作地点: 南京
  招聘类型: 社招 | 招聘对象: 2026届
  薪资: 面议
  链接: https://search.51job.com/list/000000,000000,0000,00,9,99,%E5...

【岗位 8】
  公司名称: 南京合谷生命生物科技有限公司
  岗位名称: 南京合谷生命生物科技有限公司
  工作地点: 南京
  招聘类型: 社招 | 招聘对象: 2026届
  薪资: 面议
  链接: https://search.51job.com/list/000000,000000,0000,00,9,99,%E5...

【岗位 9】
  公司名称: 优易达（武汉）有限公司
  岗位名称: 商务助理
  工作地点: 北京·海淀区
  招聘类型: 社招 | 招聘对象: 2026届
  薪资: 面议
  链接: https://search.51job.com/list/000000,000000,0000,00,9,99,%E4...

【岗位 10】
  公司名称: 优易达（武汉）有限公司
  岗位名称: 优易达（武汉）有限公司
  工作地点: 北京·海淀区
  招聘类型: 社招 | 招聘对象: 2026届
  薪资: 面议
  链接: https://search.51job.com/list/000000,000000,0000,00,9,99,%E4...

【岗位 11】
  公司名称: 苏世博（南京）减振系统有限公司
  岗位名称: 研发工程师 R&D Engineer
  工作地点: 南京
  招聘类型: 社招 | 招聘对象: 2026届
  薪资: 面议
  链接: https://search.51job.com/list/000000,000000,0000,00,9,99,%E8...

【岗位 12】
  公司名称: 苏世博（南京）减振系统有限公司
  岗位名称: 苏世博（南京）减振系统有限公司
  工作地点: 南京
  招聘类型: 社招 | 招聘对象: 2026届
  薪资: 面议
  链接: https://search.51job.com/list/000000,000000,0000,00,9,99,%E8...

【岗位 13】
  公司名称: 曼迪匹艾（北京）科技服务有限公司
  岗位名称: 环境科学与工程类 英文学术期刊助理编辑
  工作地点: 北京·海淀区
  招聘类型: 社招 | 招聘对象: 2026届
  薪资: 面议
  链接: https://search.51job.com/list/000000,000000,0000,00,9,99,%E6...

【岗位 14】
  公司名称: 曼迪匹艾（北京）科技服务有限公司
  岗位名称: 曼迪匹艾（北京）科技服务有限公司
  工作地点: 北京·海淀区
  招聘类型: 社招 | 招聘对象: 2026届
  薪资: 面议
  链接: https://search.51job.com/list/000000,000000,0000,00,9,99,%E6...

【岗位 15】
  公司名称: 岳阳环思文化传播有限公司
  岗位名称: 少儿英语老师
  工作地点: 远程办公
  招聘类型: 社招 | 招聘对象: 2025/2026届
  薪资: 面议
  链接: https://search.51job.com/list/000000,000000,0000,00,9,99,%E5...

【岗位 16】
  公司名称: 岳阳环思文化传播有限公司
  岗位名称: 岳阳环思文化传播有限公司
  工作地点: 远程办公
  招聘类型: 社招 | 招聘对象: 2025/2026届
  薪资: 面议
  链接: https://search.51job.com/list/000000,000000,0000,00,9,99,%E5...

【岗位 17】
  公司名称: 格里菲（北京）商务咨询服务有限公司
  岗位名称: Operations Executive (Oversea Travel Operations)
  工作地点: 广州·天河区
  招聘类型: 社招 | 招聘对象: 2025届
  薪资: 面议
  链接: https://search.51job.com/list/000000,000000,0000,00,9,99,%E6...

【岗位 18】
  公司名称: 格里菲（北京）商务咨询服务有限公司
  岗位名称: 格里菲（北京）商务咨询服务有限公司
  工作地点: 广州·天河区
  招聘类型: 社招 | 招聘对象: 2025届
  薪资: 面议
  链接: https://search.51job.com/list/000000,000000,0000,00,9,99,%E6...

【岗位 19】
  公司名称: 石家庄迈众人力资源服务有限公司
  岗位名称: 数据分析师
  工作地点: 北京
  招聘类型: 社招 | 招聘对象: 2023届
  薪资: 面议
  链接: https://search.51job.com/list/000000,000000,0000,00,9,99,%E7...

【岗位 20】
  公司名称: 石家庄迈众人力资源服务有限公司
  岗位名称: 石家庄迈众人力资源服务有限公司
  工作地点: 北京
  招聘类型: 社招 | 招聘对象: 2023届
  薪资: 面议
  链接: https://search.51job.com/list/000000,000000,0000,00,9,99,%E7...

【岗位 21】
  公司名称: 北京腾天文化艺术交流有限公司
  岗位名称: 国际学校兴趣课老师
  工作地点: 北京·朝阳区
  招聘类型: 社招 | 招聘对象: 2024/2025/2026届
  薪资: 面议
  链接: https://search.51job.com/list/000000,000000,0000,00,9,99,%E5...

【岗位 22】
  公司名称: 北京腾天文化艺术交流有限公司
  岗位名称: 北京腾天文化艺术交流有限公司
  工作地点: 北京·朝阳区
  招聘类型: 社招 | 招聘对象: 2024/2025/2026届
  薪资: 面议
  链接: https://search.51job.com/list/000000,000000,0000,00,9,99,%E5...

【岗位 23】
  公司名称: 勃林格殷格翰（中国）投资有限公司
  岗位名称: 中央政府事务与准入专员 ID196176
  工作地点: 北京
  招聘类型: 社招 | 招聘对象: 2024/2025/2026届
  薪资: 面议
  链接: http://campus.51job.com/BI/...

【岗位 24】
  公司名称: 诺戴商务咨询（上海）有限公司
  岗位名称: Permitting Engineer （政府许可)
  工作地点: 北京·大兴区
  招聘类型: 社招 | 招聘对象: 2024/2025/2026届
  薪资: 面议
  链接: https://search.51job.com/list/000000,000000,0000,00,9,99,%E8...

【岗位 25】
  公司名称: 新东方大学事业部
  岗位名称: 学习管理师
  工作地点: 杭州·钱塘区
  招聘类型: 社招 | 招聘对象: 2024/2025/2026届
  薪资: 面议
  链接: https://search.51job.com/list/000000,000000,0000,00,9,99,%E6...

【岗位 26】
  公司名称: 新东方大学事业部
  岗位名称: 新东方大学事业部
  工作地点: 杭州·钱塘区
  招聘类型: 社招 | 招聘对象: 2024/2025/2026届
  薪资: 面议
  链接: https://search.51job.com/list/000000,000000,0000,00,9,99,%E6...

【岗位 27】
  公司名称: 中铁建工集团有限公司南京分公司
  岗位名称: 材料员
  工作地点: 南京·江宁区
  招聘类型: 社招 | 招聘对象: 2024/2025/2026届
  薪资: 面议
  链接: https://search.51job.com/list/000000,000000,0000,00,9,99,%E4...

【岗位 28】
  公司名称: 中铁建工集团有限公司南京分公司
  岗位名称: 中铁建工集团有限公司南京分公司
  工作地点: 南京·江宁区
  招聘类型: 社招 | 招聘对象: 2024/2025/2026届
  薪资: 面议
  链接: https://search.51job.com/list/000000,000000,0000,00,9,99,%E4...

【岗位 29】
  公司名称: 咸阳振罗威商贸有限公司
  岗位名称: 美工学徒
  工作地点: 北京
  招聘类型: 社招 | 招聘对象: 2025届
  薪资: 面议
  链接: https://search.51job.com/list/000000,000000,0000,00,9,99,%E5...

【岗位 30】
  公司名称: 咸阳振罗威商贸有限公司
  岗位名称: 咸阳振罗威商贸有限公司
  工作地点: 北京
  招聘类型: 社招 | 招聘对象: 2025届
  薪资: 面议
  链接: https://search.51job.com/list/000000,000000,0000,00,9,99,%E5...

【岗位 31】
  公司名称: 深圳市东怡数字科技有限公司
  岗位名称: 汽车金融销售
  工作地点: 深圳·福田区
  招聘类型: 社招 | 招聘对象: 2025届
  薪资: 面议
  链接: https://search.51job.com/list/000000,000000,0000,00,9,99,%E6...

【岗位 32】
  公司名称: 深圳市东怡数字科技有限公司
  岗位名称: 深圳市东怡数字科技有限公司
  工作地点: 深圳·福田区
  招聘类型: 社招 | 招聘对象: 2025届
  薪资: 面议
  链接: https://search.51job.com/list/000000,000000,0000,00,9,99,%E6...

【岗位 33】
  公司名称: 择幂（上海）科技有限公司
  岗位名称: Marketing Manager
  工作地点: 上海·虹口区
  招聘类型: 社招 | 招聘对象: 2026届
  薪资: 面议
  链接: https://search.51job.com/list/000000,000000,0000,00,9,99,%E6...

【岗位 34】
  公司名称: 择幂（上海）科技有限公司
  岗位名称: 择幂（上海）科技有限公司
  工作地点: 上海·虹口区
  招聘类型: 社招 | 招聘对象: 2026届
  薪资: 面议
  链接: https://search.51job.com/list/000000,000000,0000,00,9,99,%E6...

【岗位 35】
  公司名称: 清华大学
  岗位名称: 应用运行管理高级专员
  工作地点: 北京·海淀区
  招聘类型: 社招 | 招聘对象: 2024届
  薪资: 面议
  链接: https://search.51job.com/list/000000,000000,0000,00,9,99,%E6...

【岗位 36】
  公司名称: 清华大学
  岗位名称: 清华大学
  工作地点: 北京·海淀区
  招聘类型: 社招 | 招聘对象: 2024届
  薪资: 面议
  链接: https://search.51job.com/list/000000,000000,0000,00,9,99,%E6...

【岗位 37】
  公司名称: 上海各茏科技有限公司
  岗位名称: 助理数据分析师
  工作地点: 上海
  招聘类型: 社招 | 招聘对象: 2024届
  薪资: 面议
  链接: https://search.51job.com/list/000000,000000,0000,00,9,99,%E4...

【岗位 38】
  公司名称: 上海各茏科技有限公司
  岗位名称: 上海各茏科技有限公司
  工作地点: 上海
  招聘类型: 社招 | 招聘对象: 2024届
  薪资: 面议
  链接: https://search.51job.com/list/000000,000000,0000,00,9,99,%E4...

【岗位 39】
  公司名称: 深圳卓辉能源投资有限公司
  岗位名称: 董事长秘书（北京）
  工作地点: 北京
  招聘类型: 社招 | 招聘对象: 2026届
  薪资: 面议
  链接: https://search.51job.com/list/000000,000000,0000,00,9,99,%E6...

【岗位 40】
  公司名称: 深圳卓辉能源投资有限公司
  岗位名称: 深圳卓辉能源投资有限公司
  工作地点: 北京
  招聘类型: 社招 | 招聘对象: 2026届
  薪资: 面议
  链接: https://search.51job.com/list/000000,000000,0000,00,9,99,%E6...

【岗位 41】
  公司名称: 广州幸福晚晴网络科技有限公司
  岗位名称: 活动运营策划
  工作地点: 广州·海珠区
  招聘类型: 社招 | 招聘对象: 2026届
  薪资: 面议
  链接: https://search.51job.com/list/000000,000000,0000,00,9,99,%E5...

【岗位 42】
  公司名称: 广州幸福晚晴网络科技有限公司
  岗位名称: 广州幸福晚晴网络科技有限公司
  工作地点: 广州·海珠区
  招聘类型: 社招 | 招聘对象: 2026届
  薪资: 面议
  链接: https://search.51job.com/list/000000,000000,0000,00,9,99,%E5...

【岗位 43】
  公司名称: 中信期货有限公司
  岗位名称: 研究所-金融与量化研究部-权益及期权策略研究岗G01306
  工作地点: 北京
  招聘类型: 社招 | 招聘对象: 2026届
  薪资: 面议
  链接: https://search.51job.com/list/000000,000000,0000,00,9,99,%E4...

【岗位 44】
  公司名称: 中信期货有限公司
  岗位名称: 中信期货有限公司
  工作地点: 北京
  招聘类型: 社招 | 招聘对象: 2026届
  薪资: 面议
  链接: https://search.51job.com/list/000000,000000,0000,00,9,99,%E4...

✓ 浏览器已关闭
