
============================================================
AceOffer 招聘信息抓取脚本
============================================================

开始时间: 2025-12-06 18:26:15
正在启动浏览器...
使用用户数据目录: /Users/changchun/Library/Application Support/Google/Chrome_Scraper
✓ 浏览器启动成功！

正在访问: https://material.aceoffer.cn/recruit
✓ 页面加载完成

检查并点击'网申开启'标签...
  找到'网申开启'标签，正在点击...
  ✓ 已点击'网申开启'标签

等待招聘列表加载...
⚠ 等待列表超时，尝试继续执行...

============================================================
第 1 页
============================================================

------------------------------------------------------------
开始抓取当前页...
正在通过'立即投递'按钮定位招聘卡片...
✓ 通过'立即投递'按钮找到 300 个招聘卡片
⚠ 当前页有 300 个卡片，但限制每页最多抓取 20 个

处理第 1/20 个卡片...
    点击'立即投递'按钮...
    ✓ 获取到链接: https://www.mckinsey.com/careers/search-jobs/jobs/businessanalystintern-15275?se...
  ✓ 公司: 麦肯锡2026年暑期实习生招募, 类型: 暑期实习, 实习, 链接: 已获取

处理第 2/20 个卡片...
    点击'立即投递'按钮...
    ✓ 获取到链接: https://www.mckinsey.com/careers/search-jobs/jobs/businessanalystintern-15275?se...
  ✓ 公司: 麦肯锡2026年暑期实习生招募, 类型: 暑期实习, 实习, 链接: 已获取

处理第 3/20 个卡片...
    点击'立即投递'按钮...
    ✓ 获取到链接: https://www.mckinsey.com/careers/search-jobs/jobs/businessanalystintern-15275?se...
  ✓ 公司: (未提取), 类型: (未提取), 链接: 已获取

处理第 4/20 个卡片...
    点击'立即投递'按钮...
    ✓ 获取到链接: https://www.zhipin.com/dz/cfjx2026/job-school...
  ✓ 公司: 成方金融信息技术服务有限公司2026年度校园招聘, 类型: 秋招正式批, 链接: 已获取

处理第 5/20 个卡片...
    点击'立即投递'按钮...
    ✓ 获取到链接: https://www.zhipin.com/dz/cfjx2026/job-school...
  ✓ 公司: 成方金融信息技术服务有限公司2026年度校园招聘, 类型: 秋招正式批, 链接: 已获取

处理第 6/20 个卡片...
    点击'立即投递'按钮...
    ✓ 获取到链接: https://www.zhipin.com/dz/cfjx2026/job-school...
  ✓ 公司: (未提取), 类型: (未提取), 链接: 已获取

处理第 7/20 个卡片...
    点击'立即投递'按钮...
    ✓ 获取到链接: https://mp.weixin.qq.com/s/ybEdBMfnh-DWIsV7xpr6cQ...
  ✓ 公司: 必凡娱乐2026校园招聘, 类型: 秋招正式批, 链接: 已获取

处理第 8/20 个卡片...
    点击'立即投递'按钮...
    ✓ 获取到链接: https://mp.weixin.qq.com/s/ybEdBMfnh-DWIsV7xpr6cQ...
  ✓ 公司: 必凡娱乐2026校园招聘, 类型: 秋招正式批, 链接: 已获取

处理第 9/20 个卡片...
    点击'立即投递'按钮...
    ✓ 获取到链接: https://mp.weixin.qq.com/s/ybEdBMfnh-DWIsV7xpr6cQ...
  ✓ 公司: (未提取), 类型: (未提取), 链接: 已获取

处理第 10/20 个卡片...
    点击'立即投递'按钮...
    ✓ 获取到链接: https://mp.weixin.qq.com/s/dPakl9zMFn8B-Aw3IiccrA...
  ✓ 公司: 三江化工2026年校园招聘, 类型: 秋招正式批, 链接: 已获取

处理第 11/20 个卡片...
    点击'立即投递'按钮...
    ✓ 获取到链接: https://mp.weixin.qq.com/s/dPakl9zMFn8B-Aw3IiccrA...
  ✓ 公司: 三江化工2026年校园招聘, 类型: 秋招正式批, 链接: 已获取

处理第 12/20 个卡片...
    点击'立即投递'按钮...
    ✓ 获取到链接: https://mp.weixin.qq.com/s/dPakl9zMFn8B-Aw3IiccrA...
  ✓ 公司: (未提取), 类型: (未提取), 链接: 已获取

处理第 13/20 个卡片...
    点击'立即投递'按钮...
    ✓ 获取到链接: https://mp.weixin.qq.com/s/gz6rAWmoUYsT0_p3DL1FvA...
  ✓ 公司: 都铂高分子2026校园招聘, 类型: 秋招正式批, 链接: 已获取

处理第 14/20 个卡片...
    点击'立即投递'按钮...
    ✓ 获取到链接: https://mp.weixin.qq.com/s/gz6rAWmoUYsT0_p3DL1FvA...
  ✓ 公司: 都铂高分子2026校园招聘, 类型: 秋招正式批, 链接: 已获取

处理第 15/20 个卡片...
    点击'立即投递'按钮...
    ✓ 获取到链接: https://mp.weixin.qq.com/s/gz6rAWmoUYsT0_p3DL1FvA...
  ✓ 公司: (未提取), 类型: (未提取), 链接: 已获取

处理第 16/20 个卡片...
    点击'立即投递'按钮...
    ✓ 获取到链接: https://xiaoyuan.zhaopin.com/company/XY000782366?refcode=4444...
  ✓ 公司: 日照银行2026届校园招聘, 类型: 秋招正式批, 链接: 已获取

处理第 17/20 个卡片...
    点击'立即投递'按钮...
    ✓ 获取到链接: https://xiaoyuan.zhaopin.com/company/XY000782366?refcode=4444...
  ✓ 公司: 日照银行2026届校园招聘, 类型: 秋招正式批, 链接: 已获取

处理第 18/20 个卡片...
    点击'立即投递'按钮...
    ✓ 获取到链接: https://xiaoyuan.zhaopin.com/company/XY000782366?refcode=4444...
  ✓ 公司: (未提取), 类型: (未提取), 链接: 已获取

处理第 19/20 个卡片...
    点击'立即投递'按钮...
    ✓ 获取到链接: https://mp.weixin.qq.com/s/OoT4YWRfaxq7i20Qk6Vt2g...
  ✓ 公司: 重庆天安物产2026届校园招聘, 类型: 秋招正式批, 链接: 已获取

处理第 20/20 个卡片...
    点击'立即投递'按钮...
    ✓ 获取到链接: https://mp.weixin.qq.com/s/OoT4YWRfaxq7i20Qk6Vt2g...
  ✓ 公司: 重庆天安物产2026届校园招聘, 类型: 秋招正式批, 链接: 已获取

✓ 当前页抓取完成，共 20 条记录

已达到最大页数限制 (1)，停止抓取

============================================================
保存数据到Excel...
============================================================

数据清理前: 20 条记录
过滤无效记录后: 20 条有效记录
去重后: 13 条记录（去除了 7 条重复记录）

✓ 数据已保存到: recruit_data_20251206_183047.xlsx
  共 13 条记录

列名: 公司名称, 公司类型, 工作地点, 招聘类型, 招聘对象, 岗位, 更新时间, 投递截止, 相关链接

============================================================
抓取完成！
结束时间: 2025-12-06 18:30:47
共抓取 20 条记录
============================================================

