
============================================================
特定需求岗位抓取脚本
============================================================

开始时间: 2025-12-11 12:51:36
正在启动浏览器...
✓ 浏览器启动成功！

[1/47] 处理配置 1...

============================================================
配置: 风控, 运营, 市场... | 苏州...
============================================================
    正在搜索前程无忧: 风控 | 苏州
    ✓ 使用选择器: div[class*="job"]
    ✓ 找到 122 个职位
      ✓ [1] 新代科技（苏州）有限公司 - 内控专员...
      ✓ [7] 新代科技（苏州）有限公司 - 新代科技（苏州）有限公司...
      ✓ [8] 苏州忻辰褀网络科技有限公司 - 金融助贷主管（可带团队）...
      ✓ [13] 苏州忻辰褀网络科技有限公司 - 苏州忻辰褀网络科技有限公司...
      ✓ [14] 元格控股（苏州）有限公司 - 风控经理（一线实战派）...
      ✓ [19] 元格控股（苏州）有限公司 - 元格控股（苏州）有限公司...
      ✓ [20] 中禾宝桑生物科技有限公司 - OEM业务经理（果汁/茶）...
      ✓ [25] 中禾宝桑生物科技有限公司 - 中禾宝桑生物科技有限公司...
  ✓ 本配置共抓取 0 个职位

[2/47] 处理配置 2...

============================================================
配置: 人力资源, HR, 人事... | 全国...
============================================================
    正在搜索前程无忧: 人力资源 | 北京
    ✓ 使用选择器: div[class*="job"]
    ✓ 找到 121 个职位
      ✓ [1] 联和存储科技（江苏）有限公司 - HRBP...
      ✓ [7] 联和存储科技（江苏）有限公司 - 联和存储科技（江苏）有限公司...
      ✓ [8] 清华大学 - 人事专员...
      ✓ [13] 清华大学 - 清华大学...
      ✓ [14] 海纳川浩夫尔（北京）新能源汽车驱动系统有限公司 - 招聘专员（外包）...
      ✓ [19] 海纳川浩夫尔（北京）新能源汽车驱动系统有限公司 - 海纳川浩夫尔（北京）新能源汽车驱动系统有限公司...
      ✓ [20] 前锦网络信息技术（上海）有限公司 - 薪酬管理岗...
      ✓ [25] 前锦网络信息技术（上海）有限公司 - 前锦网络信息技术（上海）有限公司...
  ✓ 本配置共抓取 0 个职位

[3/47] 处理配置 3...

============================================================
配置: 生物医药, 医药研发, 药物研发... | 全国...
============================================================
    正在搜索前程无忧: 生物医药 | 北京
    ✓ 使用选择器: div[class*="job"]
    ✓ 找到 122 个职位
      ✓ [1] 赛默飞世尔科技（中国）有限公司 - 生物试剂销售...
      ✓ [7] 赛默飞世尔科技（中国）有限公司 - 赛默飞世尔科技（中国）有限公司...
      ✓ [8] 百济神州（北京）生物科技有限公司 - 体内药理科研员，北京...
      ✓ [13] 百济神州（北京）生物科技有限公司 - 百济神州（北京）生物科技有限公司...
      ✓ [14] 信达生物制药（苏州）有限公司 - 肿瘤临床医学AD D SD(J23257)...
      ✓ [19] 信达生物制药（苏州）有限公司 - 信达生物制药（苏州）有限公司...
      ✓ [20] 珠海宝锐生物科技有限公司 - 生物医药销售工程师（北京）...
      ✓ [25] 珠海宝锐生物科技有限公司 - 珠海宝锐生物科技有限公司...
  ✓ 本配置共抓取 7 个职位

[4/47] 处理配置 4...

============================================================
配置: 英语教师, 英语老师, TESOL... | 全国...
============================================================
    正在搜索前程无忧: 英语教师 | 北京
    ✓ 使用选择器: div[class*="job"]
    ✓ 找到 121 个职位
      ✓ [1] 北京故事森林文化传播有限公司 - 外研社-幼少儿英语教师...
      ✓ [7] 北京故事森林文化传播有限公司 - 北京故事森林文化传播有限公司...
      ✓ [8] 北京森诺教育咨询有限公司 - 剑桥五级老师...
      ✓ [13] 北京森诺教育咨询有限公司 - 北京森诺教育咨询有限公司...
      ✓ [14] 山东星智海人力资源有限公司 - 商务英语（五险一金，双休）...
      ✓ [19] 山东星智海人力资源有限公司 - 山东星智海人力资源有限公司...
      ✓ [20] 北京市昌平区枫叶派学科培训学校 - 英语教师...
      ✓ [25] 北京市昌平区枫叶派学科培训学校 - 北京市昌平区枫叶派学科培训学校...
  ✓ 本配置共抓取 7 个职位

[5/47] 处理配置 5...

============================================================
配置: 化学药物研发, 药物化学, 化学合成... | 江苏, 浙江...
============================================================
    正在搜索前程无忧: 化学药物研发 | 南京
    ✓ 使用选择器: div[class*="job"]
    ✓ 找到 122 个职位
      ✓ [1] 南京滴力生物科技有限公司 - ADC药物研发科学家...
      ✓ [7] 南京滴力生物科技有限公司 - 南京滴力生物科技有限公司...
      ✓ [8] 扬子江药业集团有限公司 - 质量研究员...
      ✓ [13] 扬子江药业集团有限公司 - 扬子江药业集团有限公司...
      ✓ [14] 南京至盛为康科技有限公司 - AI药物科学家 / 计算化学研究员...
      ✓ [19] 南京至盛为康科技有限公司 - 南京至盛为康科技有限公司...
      ✓ [20] 烟台新药创制山东省实验室 - 博后招聘：小分子药物合成...
      ✓ [25] 烟台新药创制山东省实验室 - 烟台新药创制山东省实验室...
  ✓ 本配置共抓取 7 个职位

[6/47] 处理配置 6...

============================================================
配置: 策展助理, 科普展览, 文案编辑... | 北京, 上海...
============================================================
    正在搜索前程无忧: 策展助理 | 北京
    ✓ 使用选择器: div[class*="job"]
    ✓ 找到 122 个职位
      ✓ [1] 优易达（武汉）有限公司 - 商务助理...
      ✓ [7] 优易达（武汉）有限公司 - 优易达（武汉）有限公司...
      ✓ [8] 中建电子信息技术有限公司 - 企划管理岗...
      ✓ [13] 中建电子信息技术有限公司 - 中建电子信息技术有限公司...
      ✓ [14] 央拓国际融合传播集团有限公司 - 项目执行...
      ✓ [19] 央拓国际融合传播集团有限公司 - 央拓国际融合传播集团有限公司...
      ✓ [20] 正元新知（北京）信息科技有限公司 - 运营助理...
      ✓ [25] 正元新知（北京）信息科技有限公司 - 正元新知（北京）信息科技有限公司...
  ✓ 本配置共抓取 7 个职位

[7/47] 处理配置 7...

============================================================
配置: 外贸业务, 海外客户, 客户关系... | 上海...
============================================================
    正在搜索前程无忧: 外贸业务 | 上海
    ✓ 使用选择器: div[class*="job"]
    ✓ 找到 122 个职位
      ✓ [1] 上海恩慕梓进出口有限公司 - 外贸业务员...
      ✓ [7] 上海恩慕梓进出口有限公司 - 上海恩慕梓进出口有限公司...
      ✓ [8] 香港雅伦远东有限公司上海代表处 - Merchandiser of Home Products...
      ✓ [13] 香港雅伦远东有限公司上海代表处 - 香港雅伦远东有限公司上海代表处...
      ✓ [14] 上海华贽实业有限公司 - 外贸业务员...
      ✓ [19] 上海华贽实业有限公司 - 上海华贽实业有限公司...
      ✓ [20] 莱杰生物科技（苏州）有限公司 - 外贸经理/外贸主管...
      ✓ [25] 莱杰生物科技（苏州）有限公司 - 莱杰生物科技（苏州）有限公司...
  ✓ 本配置共抓取 0 个职位

[8/47] 处理配置 8...

============================================================
配置: 法务, 法律, 合规... | 山西, 陕西...
============================================================
    正在搜索前程无忧: 法务 | 太原
    ✓ 使用选择器: div[class*="job"]
    ✓ 找到 122 个职位
      ✓ [1] 汕头市中小企业融资担保有限公司 - 法务经理...
      ✓ [7] 汕头市中小企业融资担保有限公司 - 汕头市中小企业融资担保有限公司...
      ✓ [8] 上海泰达实业发展有限公司 - 法务部部长助理/经理/主管/专员...
      ✓ [13] 上海泰达实业发展有限公司 - 上海泰达实业发展有限公司...
      ✓ [14] 中元（广东）能源发展集团有限公司 - 法务经理（储能行业+包午餐+双休）...
      ✓ [19] 中元（广东）能源发展集团有限公司 - 中元（广东）能源发展集团有限公司...
      ✓ [20] 智能制造龙城实验室 - 知识产权与法务...
      ✓ [25] 智能制造龙城实验室 - 智能制造龙城实验室...
  ✓ 本配置共抓取 2 个职位

[9/47] 处理配置 9...

============================================================
配置: 技术研发, 制造, 临床应用... | 江苏, 浙江...
============================================================
    正在搜索前程无忧: 技术研发 | 南京
    ✓ 使用选择器: div[class*="job"]
    ✓ 找到 121 个职位
      ✓ [1] 南京神克隆科技有限公司 - 水处理研发工程师/主管...
      ✓ [7] 南京神克隆科技有限公司 - 南京神克隆科技有限公司...
      ✓ [8] 南京环科试验设备有限公司 - 设备结构设计师...
      ✓ [13] 南京环科试验设备有限公司 - 南京环科试验设备有限公司...
      ✓ [14] 南京斯拜科生物科技股份有限公司 - 化妆品原料研发配方工程师...
      ✓ [19] 南京斯拜科生物科技股份有限公司 - 南京斯拜科生物科技股份有限公司...
      ✓ [20] 湖北龙辰科技股份有限公司 - 研发总监...
      ✓ [25] 湖北龙辰科技股份有限公司 - 湖北龙辰科技股份有限公司...
  ✓ 本配置共抓取 7 个职位

[10/47] 处理配置 10...

============================================================
配置: 环境, ESG, 稀土... | 北京, 上海...
============================================================
    正在搜索前程无忧: 环境 | 北京
    ✓ 使用选择器: div[class*="job"]
    ✓ 找到 122 个职位
      ✓ [1] 北京优知铂彩科技发展有限公司 - 环境咨询师助理...
      ✓ [7] 北京优知铂彩科技发展有限公司 - 北京优知铂彩科技发展有限公司...
      ✓ [8] 北京必逅科技发展有限公司 - 环境检测采样员...
      ✓ [13] 北京必逅科技发展有限公司 - 北京必逅科技发展有限公司...
      ✓ [14] 南京智水环境科技有限公司 - 流域-水体水环境系统数学模型研究人员...
      ✓ [19] 南京智水环境科技有限公司 - 南京智水环境科技有限公司...
      ✓ [20] 安阳花途信息科技有限公司 - 环境评价师（双休）...
      ✓ [25] 安阳花途信息科技有限公司 - 安阳花途信息科技有限公司...
  ✓ 本配置共抓取 7 个职位

[11/47] 处理配置 11...

============================================================
配置: TESOL, 国际学校老师, 心理辅导... | 广州, 深圳...
============================================================
    正在搜索前程无忧: TESOL | 广州
    ✓ 使用选择器: div[class*="job"]
    ✓ 找到 50 个职位
      ✓ [1] 广州艾娃语言文化有限公司 - 外籍英语老师...
      ✓ [7] 广州艾娃语言文化有限公司 - 广州艾娃语言文化有限公司...
      ✓ [8] 广州市思考乐国际文化有限公司 - 剑桥少儿英语及KPF培训师...
      ✓ [13] 广州市思考乐国际文化有限公司 - 广州市思考乐国际文化有限公司...
      ✓ [14] 广州英美融合课程管理咨询有限公司 - 托福雅思老师...
      ✓ [19] 广州英美融合课程管理咨询有限公司 - 广州英美融合课程管理咨询有限公司...
      ✓ [20] 广州市天河区小蜜蜂英语培训中心 - 英语老师 英语教师 中教老师...
      ✓ [25] 广州市天河区小蜜蜂英语培训中心 - 广州市天河区小蜜蜂英语培训中心...
  ✓ 本配置共抓取 7 个职位

[12/47] 处理配置 12...

============================================================
配置: CSR, ESG, 咨询... | 广州, 深圳...
============================================================
    正在搜索前程无忧: CSR | 广州
    ✓ 使用选择器: div[class*="job"]
    ✓ 找到 122 个职位
      ✓ [1] Bureau Veritas 深圳必维华法商品检定有限公司蛇口分公司 - 审核员(Auditor)-CSR...
      ✓ [7] Bureau Veritas 深圳必维华法商品检定有限公司蛇口分公司 - Bureau Veritas 深圳必维华法商品检定有限公司蛇...
      ✓ [8] 广东琴叶健康日用品科技有限公司 - 销售助理...
      ✓ [13] 广东琴叶健康日用品科技有限公司 - 广东琴叶健康日用品科技有限公司...
      ✓ [14] 新冰点保鲜科技（广州）有限公司 - JAKIM认证审核员...
      ✓ [19] 新冰点保鲜科技（广州）有限公司 - 新冰点保鲜科技（广州）有限公司...
      ✓ [20] 前锦网络信息技术（上海）有限公司 - 签订汇丰合同-粤语纯正+英语/每周休息2天...
  ✓ 本配置共抓取 7 个职位

[13/47] 处理配置 13...

============================================================
配置: 精算师, 精算, 保险精算... | 北京, 上海...
============================================================
    正在搜索前程无忧: 精算师 | 北京
    ✓ 使用选择器: div[class*="job"]
    ✓ 找到 121 个职位
      ✓ [1] 前海开源基金管理有限公司 - 策略研究员...
      ✓ [7] 前海开源基金管理有限公司 - 前海开源基金管理有限公司...
      ✓ [8] 中信期货有限公司 - 研究所-金融与量化研究部-权益及期权策略研究岗G01306...
      ✓ [13] 中信期货有限公司 - 中信期货有限公司...
      ✓ [14] 西南证券股份有限公司 - 研究院金融工程研究岗...
      ✓ [19] 西南证券股份有限公司 - 西南证券股份有限公司...
      ✓ [20] 长城人寿保险股份有限公司 - 健康险数据分析岗...
      ✓ [25] 长城人寿保险股份有限公司 - 长城人寿保险股份有限公司...
  ✓ 本配置共抓取 7 个职位

[14/47] 处理配置 14...

============================================================
配置: 体育老师, 体育教师, 体育教学... | 北京...
============================================================
    正在搜索前程无忧: 体育老师 | 北京
    ✓ 使用选择器: div[class*="job"]
    ✓ 找到 120 个职位
      ✓ [1] 北京华圣聚贤教育科技有限公司 - 课程顾问招生老师...
      ✓ [7] 北京华圣聚贤教育科技有限公司 - 北京华圣聚贤教育科技有限公司...
      ✓ [8] 海南微城未来教育学校 - 网球教练（工作地：海南）...
      ✓ [13] 海南微城未来教育学校 - 海南微城未来教育学校...
      ✓ [14] 北京跃享体育发展有限公司 - 网球教练...
      ✓ [18] 北京跃享体育发展有限公司 - 北京跃享体育发展有限公司...
      ✓ [19] 山东瑞洋国际船舶管理有限公司 - 青年辅导员(Youth Staff)...
      ✓ [24] 山东瑞洋国际船舶管理有限公司 - 山东瑞洋国际船舶管理有限公司...
      ✓ [25] 北京利隆文化传播有限公司 - 淘气堡老师...
  ✓ 本配置共抓取 7 个职位

[15/47] 处理配置 15...

============================================================
配置: 政府事务, 国际组织, 公共事务... | 全国...
============================================================
    正在搜索前程无忧: 政府事务 | 北京
    ✓ 使用选择器: div[class*="job"]
    ✓ 找到 121 个职位
      ✓ [1] 勃林格殷格翰（中国）投资有限公司 - 中央政府事务与准入专员 ID196176...
      ✓ [8] 诺戴商务咨询（上海）有限公司 - Permitting Engineer （政府许可)...
      ✓ [13] 诺戴商务咨询（上海）有限公司 - 诺戴商务咨询（上海）有限公司...
      ✓ [14] 信达生物制药（苏州）有限公司 - 政府事务总监/副总监(中央/北京)(J20943)...
      ✓ [20] 克诺尔轨道车辆系统企业管理（北京）有限公司 - GA & Markeitng Intern/政府事务&市场实...
      ✓ [25] 克诺尔轨道车辆系统企业管理（北京）有限公司 - 克诺尔轨道车辆系统企业管理（北京）有限公司...
    正在搜索前程无忧: 政府事务 | 上海
    ✓ 使用选择器: div[class*="job"]
    ✓ 找到 121 个职位
      ✓ [1] 上海清美绿色食品（集团）有限公司 - 质量政府事务专员...
      ✓ [6] 上海清美绿色食品（集团）有限公司 - 上海清美绿色食品（集团）有限公司...
      ✓ [7] 瀚博半导体（上海）股份有限公司 - 政府关系...
      ✓ [12] 瀚博半导体（上海）股份有限公司 - 瀚博半导体（上海）股份有限公司...
      ✓ [13] 上海盛蕴医药科技股份有限公司 - 协会秘书...
      ✓ [18] 上海盛蕴医药科技股份有限公司 - 上海盛蕴医药科技股份有限公司...
      ✓ [19] 江西晨鑫企业管理咨询有限公司 - 综合管理（国资）...
      ✓ [24] 江西晨鑫企业管理咨询有限公司 - 江西晨鑫企业管理咨询有限公司...
      ✓ [25] 上海荣特达智能科技有限公司 - 董事长助理...
  ✓ 本配置共抓取 7 个职位

[16/47] 处理配置 16...

============================================================
配置: 辅导员, 教务, 教育管理... | 杭州...
============================================================
    正在搜索前程无忧: 辅导员 | 杭州
    ✓ 使用选择器: div[class*="job"]
    ✓ 找到 121 个职位
      ✓ [1] 新东方大学事业部 - 学习管理师...
      ✓ [7] 新东方大学事业部 - 新东方大学事业部...
      ✓ [8] 杭州德心应守网络科技有限公司 - 线上学管师...
      ✓ [13] 杭州德心应守网络科技有限公司 - 杭州德心应守网络科技有限公司...
      ✓ [14] 杭州学恩堂信息咨询有限公司 - 历史政治...
      ✓ [19] 杭州学恩堂信息咨询有限公司 - 杭州学恩堂信息咨询有限公司...
      ✓ [20] 浙大城市学院继续教育学院 - 教师教育培训市场岗...
      ✓ [25] 浙大城市学院继续教育学院 - 浙大城市学院继续教育学院...
  ✓ 本配置共抓取 7 个职位

[17/47] 处理配置 17...

============================================================
配置: 材料, 材料工程, 材料研发... | 江苏, 浙江...
============================================================
    正在搜索前程无忧: 材料 | 南京
    ✓ 使用选择器: div[class*="job"]
    ✓ 找到 122 个职位
      ✓ [1] 中铁建工集团有限公司南京分公司 - 材料员...
      ✓ [7] 中铁建工集团有限公司南京分公司 - 中铁建工集团有限公司南京分公司...
      ✓ [8] 台积电（南京）有限公司 - 制程整合工程师...
      ✓ [13] 台积电（南京）有限公司 - 台积电（南京）有限公司...
      ✓ [14] 佳固士新材料有限公司 - 大客户销售（江苏/新材料方向）...
      ✓ [19] 佳固士新材料有限公司 - 佳固士新材料有限公司...
    正在搜索前程无忧: 材料 | 苏州
    ✓ 使用选择器: div[class*="job"]
    ✓ 找到 121 个职位
      ✓ [1] 苏州工业园区新国大研究院 - 硕士科研人员（生物医用材料方向）...
      ✓ [7] 苏州工业园区新国大研究院 - 苏州工业园区新国大研究院...
      ✓ [8] 江苏康辉新材料科技有限公司 - 聚酯薄膜研发工程师...
      ✓ [13] 江苏康辉新材料科技有限公司 - 江苏康辉新材料科技有限公司...
      ✓ [14] 上海森松制药设备工程有限公司 - 材料工程师...
      ✓ [18] 上海森松制药设备工程有限公司 - 上海森松制药设备工程有限公司...
      ✓ [19] 浙江华瑞航空制造有限公司 - 设计室（副）主任...
      ✓ [24] 浙江华瑞航空制造有限公司 - 浙江华瑞航空制造有限公司...
      ✓ [25] 上海狩利信息科技有限公司 - 材料工程师...
  ✓ 本配置共抓取 7 个职位

[18/47] 处理配置 18...

============================================================
配置: 插画, 平面设计, 视觉设计... | 全国...
============================================================
    正在搜索前程无忧: 插画 | 北京
    ✓ 使用选择器: div[class*="job"]
    ✓ 找到 120 个职位
      ✓ [1] 金鹅（上海）贸易有限公司 - Artisan 工艺师 (手绘师）...
      ✓ [7] 金鹅（上海）贸易有限公司 - 金鹅（上海）贸易有限公司...
      ✓ [8] 安阳利博信息技术服务有限公司 - 广告创意/设计专员（五险一金 包食宿）...
      ✓ [13] 安阳利博信息技术服务有限公司 - 安阳利博信息技术服务有限公司...
      ✓ [14] 山东保福咨询服务有限公司 - 平面设计...
      ✓ [19] 山东保福咨询服务有限公司 - 山东保福咨询服务有限公司...
      ✓ [20] 北京纳沃佩思艺术设计有限公司 - 助理设计师（陈设艺术方向）...
      ✓ [25] 北京纳沃佩思艺术设计有限公司 - 北京纳沃佩思艺术设计有限公司...
  ✓ 本配置共抓取 7 个职位

[19/47] 处理配置 19...

============================================================
配置: 金融, 投资, 风控... | 深圳...
============================================================
    正在搜索前程无忧: 金融 | 深圳
    ✓ 使用选择器: div[class*="job"]
    ✓ 找到 122 个职位
      ✓ [1] 四川伊惟特麓吟企业管理有限公司 - 客户经理（金融方向，周末双休，六险一金）...
      ✓ [7] 四川伊惟特麓吟企业管理有限公司 - 四川伊惟特麓吟企业管理有限公司...
      ✓ [8] 五矿证券有限公司 - 风控合规岗(007981)...
      ✓ [13] 五矿证券有限公司 - 五矿证券有限公司...
      ✓ [14] 深圳南油外服人力资源有限公司 - 某500强央企金融板块-估值岗（深圳）G14013...
      ✓ [19] 深圳南油外服人力资源有限公司 - 深圳南油外服人力资源有限公司...
      ✓ [20] 杭州银行股份有限公司深圳分行 - 公司客户经理...
      ✓ [25] 杭州银行股份有限公司深圳分行 - 杭州银行股份有限公司深圳分行...
  ✓ 本配置共抓取 7 个职位

[20/47] 处理配置 20...

============================================================
配置: 人力资源, HR, 人事... | 北京, 上海...
============================================================
    正在搜索前程无忧: 人力资源 | 北京
    ✓ 使用选择器: div[class*="job"]
    ✓ 找到 121 个职位
    正在搜索前程无忧: 人力资源 | 上海
    ✓ 使用选择器: div[class*="job"]
    ✓ 找到 122 个职位
      ✓ [1] 上海耀春汽车零部件有限公司 - 人力资源发展经理...
      ✓ [7] 上海耀春汽车零部件有限公司 - 上海耀春汽车零部件有限公司...
      ✓ [8] 上海爱琴海商业集团股份有限公司 - 人事行政主管...
      ✓ [13] 上海爱琴海商业集团股份有限公司 - 上海爱琴海商业集团股份有限公司...
      ✓ [14] 上海冠松汽车股份有限公司——普陀奥迪/大众4S店 - 人事专员...
      ✓ [19] 上海冠松汽车股份有限公司——普陀奥迪/大众4S店 - 上海冠松汽车股份有限公司——普陀奥迪/大众4S店...
      ✓ [20] 南通市海门浩盛汽车零部件有限公司 - 人事行政经理...
      ✓ [25] 南通市海门浩盛汽车零部件有限公司 - 南通市海门浩盛汽车零部件有限公司...
  ✓ 本配置共抓取 0 个职位

[21/47] 处理配置 21...

============================================================
配置: 市场, 市场营销, 互联网运营... | 上海...
============================================================
    正在搜索前程无忧: 市场 | 上海
    ✓ 使用选择器: div[class*="job"]
    ✓ 找到 122 个职位
      ✓ [1] 上海乐高乐园有限公司 - Trade Marketing Sup/Mgr 渠道营销主管...
      ✓ [7] 上海乐高乐园有限公司 - 上海乐高乐园有限公司...
      ✓ [8] 盖茨优霓塔传动系统（苏州）有限公司 - 市场专员...
      ✓ [13] 盖茨优霓塔传动系统（苏州）有限公司 - 盖茨优霓塔传动系统（苏州）有限公司...
      ✓ [14] 上海氢迈工程技术有限公司 - 海外市场营销经理...
      ✓ [19] 上海氢迈工程技术有限公司 - 上海氢迈工程技术有限公司...
      ✓ [20] 新加坡伊顿国际教育集团 - 市场招生专员...
      ✓ [25] 新加坡伊顿国际教育集团 - 新加坡伊顿国际教育集团...
  ✓ 本配置共抓取 7 个职位

[22/47] 处理配置 22...

============================================================
配置: 数据分析, 数据, 数据科学... | 全国...
============================================================
    正在搜索前程无忧: 数据分析 | 北京
    ✓ 使用选择器: div[class*="job"]
    ✓ 找到 122 个职位
      ✓ [1] 乐宫（河北）企业管理有限公司 - 数据分析员/五险双休...
      ✓ [7] 乐宫（河北）企业管理有限公司 - 乐宫（河北）企业管理有限公司...
      ✓ [8] 北京裕荣医学数据科技有限公司 - 数据分析师（SAS/R/Python）...
      ✓ [13] 北京裕荣医学数据科技有限公司 - 北京裕荣医学数据科技有限公司...
      ✓ [14] 北京中瓴时代科技有限公司 - 数据分析助理...
      ✓ [19] 北京中瓴时代科技有限公司 - 北京中瓴时代科技有限公司...
    正在搜索前程无忧: 数据分析 | 上海
    ✓ 使用选择器: div[class*="job"]
    ✓ 找到 121 个职位
      ✓ [1] 上海旭中市场信息咨询有限公司 - 数据分析师...
      ✓ [7] 上海旭中市场信息咨询有限公司 - 上海旭中市场信息咨询有限公司...
      ✓ [8] 上海华虹宏力半导体制造有限公司 - 高级薪酬福利专员...
      ✓ [13] 上海华虹宏力半导体制造有限公司 - 上海华虹宏力半导体制造有限公司...
      ✓ [14] 前锦网络信息技术（上海）有限公司 - 经营分析岗...
      ✓ [20] 浙江速捷电梯有限公司 - ai工程师...
      ✓ [25] 浙江速捷电梯有限公司 - 浙江速捷电梯有限公司...
  ✓ 本配置共抓取 7 个职位

[23/47] 处理配置 23...

============================================================
配置: 数据分析, 商业分析, 数据科学... | 上海...
============================================================
    正在搜索前程无忧: 数据分析 | 上海
    ✓ 使用选择器: div[class*="job"]
    ✓ 找到 122 个职位
    正在搜索前程无忧: 商业分析 | 上海
    ✓ 使用选择器: div[class*="job"]
    ✓ 找到 121 个职位
      ✓ [8] 上海方磊物业管理有限公司 - 商业运营主管...
      ✓ [13] 上海方磊物业管理有限公司 - 上海方磊物业管理有限公司...
      ✓ [20] 文素清（上海）化妆品有限公司 - 商业分析...
      ✓ [25] 文素清（上海）化妆品有限公司 - 文素清（上海）化妆品有限公司...
    正在搜索前程无忧: 数据科学 | 上海
    ✓ 使用选择器: div[class*="job"]
    ✓ 找到 121 个职位
      ✓ [1] AMARIS摩芮思科技咨询（上海）有限公司 - Data Scientist...
      ✓ [7] AMARIS摩芮思科技咨询（上海）有限公司 - AMARIS摩芮思科技咨询（上海）有限公司...
      ✓ [8] 上海华明电力设备制造有限公司 - 制造业信息官（CIO）...
      ✓ [13] 上海华明电力设备制造有限公司 - 上海华明电力设备制造有限公司...
  ✓ 本配置共抓取 7 个职位

[24/47] 处理配置 24...

============================================================
配置: 总裁特助, 文艺演出, 演唱会策划... | 北京, 杭州...
============================================================
    正在搜索前程无忧: 总裁特助 | 北京
    ✓ 使用选择器: div[class*="job"]
    ✓ 找到 122 个职位
      ✓ [1] 北京中科航天人才服务有限公司 - 部长助理（秘书）...
      ✓ [7] 北京中科航天人才服务有限公司 - 北京中科航天人才服务有限公司...
      ✓ [8] InnoCare诺诚健华 - Executive Assistant (J10335)...
      ✓ [13] InnoCare诺诚健华 - InnoCare诺诚健华...
      ✓ [14] 北京卓尔房地产经纪有限责任公司 - 高级管理岗...
      ✓ [19] 北京卓尔房地产经纪有限责任公司 - 北京卓尔房地产经纪有限责任公司...
      ✓ [20] 北京托摩根生物科技有限公司 - 总裁助理/总经理助理...
      ✓ [25] 北京托摩根生物科技有限公司 - 北京托摩根生物科技有限公司...
  ✓ 本配置共抓取 7 个职位

[25/47] 处理配置 25...

============================================================
配置: 内容运营, 内容, 运营... | 广州...
============================================================
    正在搜索前程无忧: 内容运营 | 广州
    ✓ 使用选择器: div[class*="job"]
    ✓ 找到 122 个职位
      ✓ [1] 前锦网络信息技术（上海）有限公司 - 私域流量运营负责人...
      ✓ [8] 卓越教育集团-广州高中部 - 私域社群运营...
      ✓ [13] 卓越教育集团-广州高中部 - 卓越教育集团-广州高中部...
      ✓ [14] 广州德禄讯信息科技有限公司 - 新媒体编辑...
      ✓ [19] 广州德禄讯信息科技有限公司 - 广州德禄讯信息科技有限公司...
      ✓ [20] 中山万汉制药有限公司 - 私域运营...
      ✓ [25] 中山万汉制药有限公司 - 中山万汉制药有限公司...
  ✓ 本配置共抓取 7 个职位

[26/47] 处理配置 26...

============================================================
配置: 量化, 量化交易, 量化分析... | 北京, 上海...
============================================================
    正在搜索前程无忧: 量化 | 北京
    ✓ 使用选择器: div[class*="job"]
    ✓ 找到 120 个职位
      ✓ [8] 清华大学 - 金融安全研究中心初级研究专员...
      ✓ [14] 杭州恒赢自有资金投资有限公司 - 交易员...
      ✓ [19] 杭州恒赢自有资金投资有限公司 - 杭州恒赢自有资金投资有限公司...
      ✓ [20] 前锦网络信息技术（上海）有限公司 - 外汇经理岗...
      ✓ [25] 国盛证券有限责任公司 - 宏观联席首席分析师/分析师/研究员/研究助理(000591)...
    正在搜索前程无忧: 量化 | 上海
    ✓ 使用选择器: div[class*="job"]
    ✓ 找到 121 个职位
      ✓ [1] 深圳市永佑顺财务代理有限公司 - 公募基金研究岗...
      ✓ [7] 深圳市永佑顺财务代理有限公司 - 深圳市永佑顺财务代理有限公司...
      ✓ [8] 西班牙海斯坦普汽车组件亚太总部 - Cost Estimator/成本估算师 - 印度...
      ✓ [12] 西班牙海斯坦普汽车组件亚太总部 - 西班牙海斯坦普汽车组件亚太总部...
      ✓ [13] 上海元涞私募基金管理有限公司 - 行业研究员/股票研究员...
      ✓ [18] 上海元涞私募基金管理有限公司 - 上海元涞私募基金管理有限公司...
      ✓ [19] 广西极犇资本有限公司 - A股短线操盘手（可异地线上）...
      ✓ [24] 广西极犇资本有限公司 - 广西极犇资本有限公司...
      ✓ [25] 商飞智能技术有限公司 - 统计分析算法工程师(智能检测)...
  ✓ 本配置共抓取 7 个职位

[27/47] 处理配置 27...

============================================================
配置: 供应链管理, 项目管理, 供应链... | 上海, 杭州...
============================================================
    正在搜索前程无忧: 供应链管理 | 上海
    ✓ 使用选择器: div[class*="job"]
    ✓ 找到 122 个职位
      ✓ [1] 盾豪（上海）供应链管理有限公司 - 财务专员...
      ✓ [7] 盾豪（上海）供应链管理有限公司 - 盾豪（上海）供应链管理有限公司...
      ✓ [8] 爱尔博微视（上海）医疗科技有限公司 - 高级供应链经理...
      ✓ [13] 爱尔博微视（上海）医疗科技有限公司 - 爱尔博微视（上海）医疗科技有限公司...
      ✓ [14] 上海新嘉万序医疗供应链管理有限公司 - 采购专员...
      ✓ [19] 上海新嘉万序医疗供应链管理有限公司 - 上海新嘉万序医疗供应链管理有限公司...
      ✓ [20] 前锦网络信息技术（上海）有限公司 - 采购总监（工业污水处理行业）...
  ✓ 本配置共抓取 7 个职位

[28/47] 处理配置 28...

============================================================
配置: 审计, 财务, 投资... | 上海...
============================================================
    正在搜索前程无忧: 审计 | 上海
    ✓ 使用选择器: div[class*="job"]
    ✓ 找到 122 个职位
      ✓ [1] 立信会计师事务所（特殊普通合伙） - 金融审计-项目经理(J11241)...
      ✓ [7] 立信会计师事务所（特殊普通合伙） - 立信会计师事务所（特殊普通合伙）...
      ✓ [8] 新华人寿保险股份有限公司上海分公司 - 审计部-东区审计岗（上海）(J14651)...
      ✓ [13] 新华人寿保险股份有限公司上海分公司 - 新华人寿保险股份有限公司上海分公司...
      ✓ [14] 上海泽坤会计师事务所（普通合伙） - 审计助理...
      ✓ [19] 上海泽坤会计师事务所（普通合伙） - 上海泽坤会计师事务所（普通合伙）...
      ✓ [20] 江阴华新精密科技股份有限公司 - 内审经理...
      ✓ [25] 江阴华新精密科技股份有限公司 - 江阴华新精密科技股份有限公司...
  ✓ 本配置共抓取 7 个职位

[29/47] 处理配置 29...

============================================================
配置: 市场, 品牌, 运营... | 江苏, 浙江...
============================================================
    正在搜索前程无忧: 市场 | 南京
    ✓ 使用选择器: div[class*="job"]
    ✓ 找到 121 个职位
      ✓ [1] 南京奥联汽车电子电器股份有限公司 - 市场助理（英语或日语）...
      ✓ [7] 南京奥联汽车电子电器股份有限公司 - 南京奥联汽车电子电器股份有限公司...
      ✓ [8] Apex Maritime (Shanghai) Co.,Ltd - Business Development...
      ✓ [13] Apex Maritime (Shanghai) Co.,Ltd - Apex Maritime (Shanghai) Co.,L...
      ✓ [14] 威诺（南京）认证检测有限公司 - 市场经理...
      ✓ [19] 威诺（南京）认证检测有限公司 - 威诺（南京）认证检测有限公司...
      ✓ [20] 光一科技股份有限公司 - 校区负责人...
      ✓ [25] 光一科技股份有限公司 - 光一科技股份有限公司...
  ✓ 本配置共抓取 7 个职位

[30/47] 处理配置 30...

============================================================
配置: 策划, 活动策划, 品牌策划... | 北京...
============================================================
    正在搜索前程无忧: 策划 | 北京
    ✓ 使用选择器: div[class*="job"]
    ✓ 找到 122 个职位
      ✓ [1] 中科千乘（北京）科技有限公司 - 文案设计...
      ✓ [7] 中科千乘（北京）科技有限公司 - 中科千乘（北京）科技有限公司...
      ✓ [14] 伯希和户外运动集团股份有限公司 - 产品文案...
      ✓ [19] 伯希和户外运动集团股份有限公司 - 伯希和户外运动集团股份有限公司...
      ✓ [20] 泉州市锐品服装制造有限公司 - 天猫运营...
      ✓ [25] 泉州市锐品服装制造有限公司 - 泉州市锐品服装制造有限公司...
    正在搜索前程无忧: 活动策划 | 北京
    ✓ 使用选择器: div[class*="job"]
    ✓ 找到 121 个职位
      ✓ [8] 爱奇会展集团有限公司 - 展会项目经理...
      ✓ [13] 爱奇会展集团有限公司 - 爱奇会展集团有限公司...
      ✓ [14] 北京跨维世纪科技有限公司 - 活动策划经理...
      ✓ [19] 北京跨维世纪科技有限公司 - 北京跨维世纪科技有限公司...
  ✓ 本配置共抓取 4 个职位

[31/47] 处理配置 31...

============================================================
配置: 英语教师, 英语老师, TESOL... | 杭州, 南京...
============================================================
    正在搜索前程无忧: 英语教师 | 杭州
    ✓ 使用选择器: div[class*="job"]
    ✓ 找到 121 个职位
      ✓ [1] 杭州橄榄树学校 - 高中英语教师...
      ✓ [7] 杭州橄榄树学校 - 杭州橄榄树学校...
      ✓ [8] 苏州佐言企业管理咨询有限公司 - 初中英语教师...
      ✓ [13] 苏州佐言企业管理咨询有限公司 - 苏州佐言企业管理咨询有限公司...
      ✓ [14] 杭州学恩堂信息咨询有限公司 - 初中英语教师...
      ✓ [20] 杭州德心应守网络科技有限公司 - 兼职线上英语教师-不限专业...
    正在搜索前程无忧: 英语教师 | 南京
    ✓ 使用选择器: div[class*="job"]
    ✓ 找到 120 个职位
      ✓ [1] 南京新东方学校 - 小初高英语教师...
      ✓ [7] 南京新东方学校 - 南京新东方学校...
      ✓ [8] 南京昂果教育咨询有限公司 - 昂果初中英语老师....
      ✓ [13] 南京昂果教育咨询有限公司 - 南京昂果教育咨询有限公司...
      ✓ [14] 南京汉开书院学校 - 小学英语教师...
      ✓ [19] 南京汉开书院学校 - 南京汉开书院学校...
      ✓ [20] 南京海豚教育咨询有限公司 - 英语教师...
      ✓ [25] 南京海豚教育咨询有限公司 - 南京海豚教育咨询有限公司...
  ✓ 本配置共抓取 7 个职位

[32/47] 处理配置 32...

============================================================
配置: 体育老师, 体育教师... | 北京, 辽宁...
============================================================
    正在搜索前程无忧: 体育老师 | 北京
    ✓ 使用选择器: div[class*="job"]
    ✓ 找到 120 个职位
    正在搜索前程无忧: 体育老师 | 沈阳
    ✓ 使用选择器: div[class*="job"]
    ✓ 找到 122 个职位
      ✓ [1] 深圳市玩胜体育发展有限公司 - 体能教练...
      ✓ [7] 深圳市玩胜体育发展有限公司 - 深圳市玩胜体育发展有限公司...
      ✓ [8] 宁波诺丁汉大学 - 体育部行政主管 (Temporary)...
      ✓ [13] 宁波诺丁汉大学 - 宁波诺丁汉大学...
      ✓ [20] 深圳市罗湖区七彩阳光幼儿园 - BCBA/BCaBA/特教/幼教体育老师...
      ✓ [25] 深圳市罗湖区七彩阳光幼儿园 - 深圳市罗湖区七彩阳光幼儿园...
    正在搜索前程无忧: 体育老师 | 大连
    ✓ 使用选择器: div[class*="job"]
    ✓ 找到 122 个职位
    正在搜索前程无忧: 体育教师 | 北京
    ✓ 使用选择器: div[class*="job"]
    ✓ 找到 120 个职位
    正在搜索前程无忧: 体育教师 | 沈阳
    ✓ 使用选择器: div[class*="job"]
    ✓ 找到 122 个职位
      ✓ [1] 武汉市洪山区杨春湖实验学校 - 中小学体育教师...
      ✓ [7] 武汉市洪山区杨春湖实验学校 - 武汉市洪山区杨春湖实验学校...
      ✓ [14] 湖北儒晓教育科技集团有限公司 - 中职体育教师...
      ✓ [19] 湖北儒晓教育科技集团有限公司 - 湖北儒晓教育科技集团有限公司...
  ✓ 本配置共抓取 7 个职位

[33/47] 处理配置 33...

============================================================
配置: 主持, 播音, 宣传... | 北京...
============================================================
    正在搜索前程无忧: 主持 | 北京
    ✓ 使用选择器: div[class*="job"]
    ✓ 找到 122 个职位
      ✓ [1] 北京中星凯旋文化传媒有限公司 - 平面模特...
      ✓ [7] 北京中星凯旋文化传媒有限公司 - 北京中星凯旋文化传媒有限公司...
      ✓ [8] 成都歌裕文化传媒有限公司 - 抖音语音主播/日结/接受小白...
      ✓ [13] 成都歌裕文化传媒有限公司 - 成都歌裕文化传媒有限公司...
      ✓ [14] 广州月半星名文化传媒有限公司 - 急招居家办公 抖音不露脸语音主播无经验欢迎...
      ✓ [19] 广州月半星名文化传媒有限公司 - 广州月半星名文化传媒有限公司...
    正在搜索前程无忧: 播音 | 北京
    ✓ 使用选择器: div[class*="job"]
    ✓ 找到 122 个职位
      ✓ [8] 河南腾桓人力资源有限公司 - 播音（早九晚五 双休）...
      ✓ [13] 河南腾桓人力资源有限公司 - 河南腾桓人力资源有限公司...
      ✓ [14] 北京中星凯旋文化传媒有限公司 - 网路短剧演员...
  ✓ 本配置共抓取 0 个职位

[34/47] 处理配置 34...

============================================================
配置: 城乡规划, 城市规划, 出行... | 南京, 江苏...
============================================================
    正在搜索前程无忧: 城乡规划 | 南京
    ✓ 使用选择器: div[class*="job"]
    ✓ 找到 122 个职位
      ✓ [1] 江苏德嘉土地规划设计咨询有限公司 - 土地规划师...
      ✓ [7] 江苏德嘉土地规划设计咨询有限公司 - 江苏德嘉土地规划设计咨询有限公司...
      ✓ [8] 国坤产业投资发展（江苏）有限公司 - 农业规划经理...
      ✓ [13] 国坤产业投资发展（江苏）有限公司 - 国坤产业投资发展（江苏）有限公司...
      ✓ [14] 江苏匠工营国规划设计有限公司 - 规划设计总监...
      ✓ [19] 江苏匠工营国规划设计有限公司 - 江苏匠工营国规划设计有限公司...
      ✓ [20] 万谷企业管理集团有限公司 - 产业招商（绿色节能行业）...
      ✓ [25] 万谷企业管理集团有限公司 - 万谷企业管理集团有限公司...
  ✓ 本配置共抓取 7 个职位

[35/47] 处理配置 35...

============================================================
配置: 法律, 法务, 律师... | 北京, 上海...
============================================================
    正在搜索前程无忧: 法律 | 北京
    ✓ 使用选择器: div[class*="job"]
    ✓ 找到 121 个职位
      ✓ [1] 思朴知识产权代理（上海）有限公司 - Paralegal法律助理...
      ✓ [7] 思朴知识产权代理（上海）有限公司 - 思朴知识产权代理（上海）有限公司...
      ✓ [8] 谱尼测试集团股份有限公司 - 法务主管...
      ✓ [13] 谱尼测试集团股份有限公司 - 谱尼测试集团股份有限公司...
      ✓ [14] 中润石油技术（深圳）有限公司 - 涉外合同与法律事务专员...
      ✓ [19] 中润石油技术（深圳）有限公司 - 中润石油技术（深圳）有限公司...
      ✓ [20] 曼迪匹艾（北京）科技服务有限公司 - 法律类英文学术期刊助理编辑...
      ✓ [25] 曼迪匹艾（北京）科技服务有限公司 - 曼迪匹艾（北京）科技服务有限公司...
  ✓ 本配置共抓取 7 个职位

✓ 数据已保存至: 特定需求岗位.xlsx
  共 200 条记录

============================================================
📊 抓取结果摘要
============================================================
✅ 共抓取到 200 个岗位

📋 岗位列表预览：
------------------------------------------------------------

【岗位 1】
  公司名称: 赛默飞世尔科技（中国）有限公司
  岗位名称: 生物试剂销售
  工作地点: 北京
  招聘类型: 社招 | 招聘对象: 2024/2025/2026届
  薪资: 面议
  链接: https://search.51job.com/list/000000,000000,0000,00,9,99,%E8...

【岗位 2】
  公司名称: 赛默飞世尔科技（中国）有限公司
  岗位名称: 赛默飞世尔科技（中国）有限公司
  工作地点: 北京
  招聘类型: 社招 | 招聘对象: 2024/2025/2026届
  薪资: 面议
  链接: https://search.51job.com/list/000000,000000,0000,00,9,99,%E8...

【岗位 3】
  公司名称: 百济神州（北京）生物科技有限公司
  岗位名称: 体内药理科研员，北京
  工作地点: 北京·昌平区
  招聘类型: 社招 | 招聘对象: 2024/2025/2026届
  薪资: 面议
  链接: https://search.51job.com/list/000000,000000,0000,00,9,99,%E7...

【岗位 4】
  公司名称: 百济神州（北京）生物科技有限公司
  岗位名称: 百济神州（北京）生物科技有限公司
  工作地点: 北京·昌平区
  招聘类型: 社招 | 招聘对象: 2024/2025/2026届
  薪资: 面议
  链接: https://search.51job.com/list/000000,000000,0000,00,9,99,%E7...

【岗位 5】
  公司名称: 信达生物制药（苏州）有限公司
  岗位名称: 肿瘤临床医学AD D SD(J23257)
  工作地点: 北京·东城区
  招聘类型: 社招 | 招聘对象: 2024/2025/2026届
  薪资: 面议
  链接: https://search.51job.com/list/000000,000000,0000,00,9,99,%E4...

【岗位 6】
  公司名称: 信达生物制药（苏州）有限公司
  岗位名称: 信达生物制药（苏州）有限公司
  工作地点: 北京·东城区
  招聘类型: 社招 | 招聘对象: 2024/2025/2026届
  薪资: 面议
  链接: https://search.51job.com/list/000000,000000,0000,00,9,99,%E4...

【岗位 7】
  公司名称: 珠海宝锐生物科技有限公司
  岗位名称: 生物医药销售工程师（北京）
  工作地点: 北京
  招聘类型: 社招 | 招聘对象: 2024/2025/2026届
  薪资: 面议
  链接: https://search.51job.com/list/000000,000000,0000,00,9,99,%E7...

【岗位 8】
  公司名称: 北京故事森林文化传播有限公司
  岗位名称: 外研社-幼少儿英语教师
  工作地点: 北京·海淀区
  招聘类型: 社招 | 招聘对象: 2024/2025/2026届
  薪资: 面议
  链接: https://search.51job.com/list/000000,000000,0000,00,9,99,%E5...

【岗位 9】
  公司名称: 北京故事森林文化传播有限公司
  岗位名称: 北京故事森林文化传播有限公司
  工作地点: 北京·海淀区
  招聘类型: 社招 | 招聘对象: 2024/2025/2026届
  薪资: 面议
  链接: https://search.51job.com/list/000000,000000,0000,00,9,99,%E5...

【岗位 10】
  公司名称: 北京森诺教育咨询有限公司
  岗位名称: 剑桥五级老师
  工作地点: 北京·西城区
  招聘类型: 社招 | 招聘对象: 2024/2025/2026届
  薪资: 面议
  链接: https://search.51job.com/list/000000,000000,0000,00,9,99,%E5...

【岗位 11】
  公司名称: 北京森诺教育咨询有限公司
  岗位名称: 北京森诺教育咨询有限公司
  工作地点: 北京·西城区
  招聘类型: 社招 | 招聘对象: 2024/2025/2026届
  薪资: 面议
  链接: https://search.51job.com/list/000000,000000,0000,00,9,99,%E5...

【岗位 12】
  公司名称: 山东星智海人力资源有限公司
  岗位名称: 商务英语（五险一金，双休）
  工作地点: 北京
  招聘类型: 社招 | 招聘对象: 2024/2025/2026届
  薪资: 面议
  链接: https://search.51job.com/list/000000,000000,0000,00,9,99,%E5...

【岗位 13】
  公司名称: 山东星智海人力资源有限公司
  岗位名称: 山东星智海人力资源有限公司
  工作地点: 北京
  招聘类型: 社招 | 招聘对象: 2024/2025/2026届
  薪资: 面议
  链接: https://search.51job.com/list/000000,000000,0000,00,9,99,%E5...

【岗位 14】
  公司名称: 北京市昌平区枫叶派学科培训学校
  岗位名称: 英语教师
  工作地点: 北京
  招聘类型: 社招 | 招聘对象: 2024/2025/2026届
  薪资: 面议
  链接: https://search.51job.com/list/000000,000000,0000,00,9,99,%E5...

【岗位 15】
  公司名称: 南京滴力生物科技有限公司
  岗位名称: ADC药物研发科学家
  工作地点: 南京·江北新区
  招聘类型: 社招 | 招聘对象: 2026届
  薪资: 面议
  链接: https://search.51job.com/list/000000,000000,0000,00,9,99,%E5...

【岗位 16】
  公司名称: 南京滴力生物科技有限公司
  岗位名称: 南京滴力生物科技有限公司
  工作地点: 南京·江北新区
  招聘类型: 社招 | 招聘对象: 2026届
  薪资: 面议
  链接: https://search.51job.com/list/000000,000000,0000,00,9,99,%E5...

【岗位 17】
  公司名称: 扬子江药业集团有限公司
  岗位名称: 质量研究员
  工作地点: 南京·栖霞区
  招聘类型: 社招 | 招聘对象: 2026届
  薪资: 面议
  链接: https://search.51job.com/list/000000,000000,0000,00,9,99,%E6...

【岗位 18】
  公司名称: 扬子江药业集团有限公司
  岗位名称: 扬子江药业集团有限公司
  工作地点: 南京·栖霞区
  招聘类型: 社招 | 招聘对象: 2026届
  薪资: 面议
  链接: https://search.51job.com/list/000000,000000,0000,00,9,99,%E6...

【岗位 19】
  公司名称: 南京至盛为康科技有限公司
  岗位名称: AI药物科学家 / 计算化学研究员
  工作地点: 南京·江北新区
  招聘类型: 社招 | 招聘对象: 2026届
  薪资: 面议
  链接: https://search.51job.com/list/000000,000000,0000,00,9,99,%E5...

【岗位 20】
  公司名称: 南京至盛为康科技有限公司
  岗位名称: 南京至盛为康科技有限公司
  工作地点: 南京·江北新区
  招聘类型: 社招 | 招聘对象: 2026届
  薪资: 面议
  链接: https://search.51job.com/list/000000,000000,0000,00,9,99,%E5...

【岗位 21】
  公司名称: 烟台新药创制山东省实验室
  岗位名称: 博后招聘：小分子药物合成
  工作地点: 烟台·牟平区
  招聘类型: 社招 | 招聘对象: 2026届
  薪资: 面议
  链接: https://search.51job.com/list/000000,000000,0000,00,9,99,%E7...

【岗位 22】
  公司名称: 优易达（武汉）有限公司
  岗位名称: 商务助理
  工作地点: 北京·海淀区
  招聘类型: 社招 | 招聘对象: 2026届
  薪资: 面议
  链接: https://search.51job.com/list/000000,000000,0000,00,9,99,%E4...

【岗位 23】
  公司名称: 优易达（武汉）有限公司
  岗位名称: 优易达（武汉）有限公司
  工作地点: 北京·海淀区
  招聘类型: 社招 | 招聘对象: 2026届
  薪资: 面议
  链接: https://search.51job.com/list/000000,000000,0000,00,9,99,%E4...

【岗位 24】
  公司名称: 中建电子信息技术有限公司
  岗位名称: 企划管理岗
  工作地点: 北京
  招聘类型: 社招 | 招聘对象: 2026届
  薪资: 面议
  链接: https://search.51job.com/list/000000,000000,0000,00,9,99,%E4...

【岗位 25】
  公司名称: 中建电子信息技术有限公司
  岗位名称: 中建电子信息技术有限公司
  工作地点: 北京
  招聘类型: 社招 | 招聘对象: 2026届
  薪资: 面议
  链接: https://search.51job.com/list/000000,000000,0000,00,9,99,%E4...

【岗位 26】
  公司名称: 央拓国际融合传播集团有限公司
  岗位名称: 项目执行
  工作地点: 北京·朝阳区
  招聘类型: 社招 | 招聘对象: 2026届
  薪资: 面议
  链接: https://search.51job.com/list/000000,000000,0000,00,9,99,%E5...

【岗位 27】
  公司名称: 央拓国际融合传播集团有限公司
  岗位名称: 央拓国际融合传播集团有限公司
  工作地点: 北京·朝阳区
  招聘类型: 社招 | 招聘对象: 2026届
  薪资: 面议
  链接: https://search.51job.com/list/000000,000000,0000,00,9,99,%E5...

【岗位 28】
  公司名称: 正元新知（北京）信息科技有限公司
  岗位名称: 运营助理
  工作地点: 北京·海淀区
  招聘类型: 社招 | 招聘对象: 2026届
  薪资: 面议
  链接: https://search.51job.com/list/000000,000000,0000,00,9,99,%E6...

【岗位 29】
  公司名称: 中元（广东）能源发展集团有限公司
  岗位名称: 法务经理（储能行业+包午餐+双休）
  工作地点: 广州·海珠区
  招聘类型: 社招 | 招聘对象: 2026届
  薪资: 面议
  链接: https://search.51job.com/list/000000,000000,0000,00,9,99,%E4...

【岗位 30】
  公司名称: 中元（广东）能源发展集团有限公司
  岗位名称: 中元（广东）能源发展集团有限公司
  工作地点: 广州·海珠区
  招聘类型: 社招 | 招聘对象: 2026届
  薪资: 面议
  链接: https://search.51job.com/list/000000,000000,0000,00,9,99,%E4...

【岗位 31】
  公司名称: 南京神克隆科技有限公司
  岗位名称: 水处理研发工程师/主管
  工作地点: 南京
  招聘类型: 社招 | 招聘对象: 2026届
  薪资: 面议
  链接: https://search.51job.com/list/000000,000000,0000,00,9,99,%E5...

【岗位 32】
  公司名称: 南京神克隆科技有限公司
  岗位名称: 南京神克隆科技有限公司
  工作地点: 南京
  招聘类型: 社招 | 招聘对象: 2026届
  薪资: 面议
  链接: https://search.51job.com/list/000000,000000,0000,00,9,99,%E5...

【岗位 33】
  公司名称: 南京环科试验设备有限公司
  岗位名称: 设备结构设计师
  工作地点: 南京·江宁区
  招聘类型: 社招 | 招聘对象: 2026届
  薪资: 面议
  链接: https://search.51job.com/list/000000,000000,0000,00,9,99,%E5...

【岗位 34】
  公司名称: 南京环科试验设备有限公司
  岗位名称: 南京环科试验设备有限公司
  工作地点: 南京·江宁区
  招聘类型: 社招 | 招聘对象: 2026届
  薪资: 面议
  链接: https://search.51job.com/list/000000,000000,0000,00,9,99,%E5...

【岗位 35】
  公司名称: 南京斯拜科生物科技股份有限公司
  岗位名称: 化妆品原料研发配方工程师
  工作地点: 南京·江北新区
  招聘类型: 社招 | 招聘对象: 2026届
  薪资: 面议
  链接: https://search.51job.com/list/000000,000000,0000,00,9,99,%E5...

【岗位 36】
  公司名称: 南京斯拜科生物科技股份有限公司
  岗位名称: 南京斯拜科生物科技股份有限公司
  工作地点: 南京·江北新区
  招聘类型: 社招 | 招聘对象: 2026届
  薪资: 面议
  链接: https://search.51job.com/list/000000,000000,0000,00,9,99,%E5...

【岗位 37】
  公司名称: 湖北龙辰科技股份有限公司
  岗位名称: 研发总监
  工作地点: 黄冈
  招聘类型: 社招 | 招聘对象: 2026届
  薪资: 面议
  链接: https://search.51job.com/list/000000,000000,0000,00,9,99,%E6...

【岗位 38】
  公司名称: 北京优知铂彩科技发展有限公司
  岗位名称: 环境咨询师助理
  工作地点: 北京·大兴区
  招聘类型: 社招 | 招聘对象: 2026届
  薪资: 面议
  链接: https://search.51job.com/list/000000,000000,0000,00,9,99,%E5...

【岗位 39】
  公司名称: 北京优知铂彩科技发展有限公司
  岗位名称: 北京优知铂彩科技发展有限公司
  工作地点: 北京·大兴区
  招聘类型: 社招 | 招聘对象: 2026届
  薪资: 面议
  链接: https://search.51job.com/list/000000,000000,0000,00,9,99,%E5...

【岗位 40】
  公司名称: 北京必逅科技发展有限公司
  岗位名称: 环境检测采样员
  工作地点: 北京·大兴区
  招聘类型: 社招 | 招聘对象: 2026届
  薪资: 面议
  链接: https://search.51job.com/list/000000,000000,0000,00,9,99,%E5...

【岗位 41】
  公司名称: 北京必逅科技发展有限公司
  岗位名称: 北京必逅科技发展有限公司
  工作地点: 北京·大兴区
  招聘类型: 社招 | 招聘对象: 2026届
  薪资: 面议
  链接: https://search.51job.com/list/000000,000000,0000,00,9,99,%E5...

【岗位 42】
  公司名称: 南京智水环境科技有限公司
  岗位名称: 流域-水体水环境系统数学模型研究人员
  工作地点: 北京·海淀区
  招聘类型: 社招 | 招聘对象: 2026届
  薪资: 面议
  链接: https://search.51job.com/list/000000,000000,0000,00,9,99,%E5...

【岗位 43】
  公司名称: 南京智水环境科技有限公司
  岗位名称: 南京智水环境科技有限公司
  工作地点: 北京·海淀区
  招聘类型: 社招 | 招聘对象: 2026届
  薪资: 面议
  链接: https://search.51job.com/list/000000,000000,0000,00,9,99,%E5...

【岗位 44】
  公司名称: 安阳花途信息科技有限公司
  岗位名称: 环境评价师（双休）
  工作地点: 北京
  招聘类型: 社招 | 招聘对象: 2026届
  薪资: 面议
  链接: https://search.51job.com/list/000000,000000,0000,00,9,99,%E5...

【岗位 45】
  公司名称: 广州艾娃语言文化有限公司
  岗位名称: 外籍英语老师
  工作地点: 广州
  招聘类型: 社招 | 招聘对象: 2025/2026届
  薪资: 面议
  链接: https://search.51job.com/list/000000,000000,0000,00,9,99,%E5...

【岗位 46】
  公司名称: 广州艾娃语言文化有限公司
  岗位名称: 广州艾娃语言文化有限公司
  工作地点: 广州
  招聘类型: 社招 | 招聘对象: 2025/2026届
  薪资: 面议
  链接: https://search.51job.com/list/000000,000000,0000,00,9,99,%E5...

【岗位 47】
  公司名称: 广州市思考乐国际文化有限公司
  岗位名称: 剑桥少儿英语及KPF培训师
  工作地点: 广州·天河区
  招聘类型: 社招 | 招聘对象: 2025/2026届
  薪资: 面议
  链接: https://search.51job.com/list/000000,000000,0000,00,9,99,%E5...

【岗位 48】
  公司名称: 广州市思考乐国际文化有限公司
  岗位名称: 广州市思考乐国际文化有限公司
  工作地点: 广州·天河区
  招聘类型: 社招 | 招聘对象: 2025/2026届
  薪资: 面议
  链接: https://search.51job.com/list/000000,000000,0000,00,9,99,%E5...

【岗位 49】
  公司名称: 广州英美融合课程管理咨询有限公司
  岗位名称: 托福雅思老师
  工作地点: 广州·白云区
  招聘类型: 社招 | 招聘对象: 2025/2026届
  薪资: 面议
  链接: https://search.51job.com/list/000000,000000,0000,00,9,99,%E5...

【岗位 50】
  公司名称: 广州英美融合课程管理咨询有限公司
  岗位名称: 广州英美融合课程管理咨询有限公司
  工作地点: 广州·白云区
  招聘类型: 社招 | 招聘对象: 2025/2026届
  薪资: 面议
  链接: https://search.51job.com/list/000000,000000,0000,00,9,99,%E5...

【岗位 51】
  公司名称: 广州市天河区小蜜蜂英语培训中心
  岗位名称: 英语老师 英语教师 中教老师
  工作地点: 广州·天河区
  招聘类型: 社招 | 招聘对象: 2025/2026届
  薪资: 面议
  链接: https://search.51job.com/list/000000,000000,0000,00,9,99,%E5...

【岗位 52】
  公司名称: Bureau Veritas 深圳必维华法商品检定有限公司蛇口分公司
  岗位名称: 审核员(Auditor)-CSR
  工作地点: 广州·越秀区
  招聘类型: 社招 | 招聘对象: 2025届
  薪资: 面议
  链接: https://search.51job.com/list/000000,000000,0000,00,9,99,Bur...

【岗位 53】
  公司名称: Bureau Veritas 深圳必维华法商品检定有限公司蛇口分公司
  岗位名称: Bureau Veritas 深圳必维华法商品检定有限公司蛇口分公司
  工作地点: 广州·越秀区
  招聘类型: 社招 | 招聘对象: 2025届
  薪资: 面议
  链接: https://search.51job.com/list/000000,000000,0000,00,9,99,Bur...

【岗位 54】
  公司名称: 广东琴叶健康日用品科技有限公司
  岗位名称: 销售助理
  工作地点: 广州·越秀区
  招聘类型: 社招 | 招聘对象: 2025届
  薪资: 面议
  链接: https://search.51job.com/list/000000,000000,0000,00,9,99,%E5...

【岗位 55】
  公司名称: 广东琴叶健康日用品科技有限公司
  岗位名称: 广东琴叶健康日用品科技有限公司
  工作地点: 广州·越秀区
  招聘类型: 社招 | 招聘对象: 2025届
  薪资: 面议
  链接: https://search.51job.com/list/000000,000000,0000,00,9,99,%E5...

【岗位 56】
  公司名称: 新冰点保鲜科技（广州）有限公司
  岗位名称: JAKIM认证审核员
  工作地点: 广州·白云区
  招聘类型: 社招 | 招聘对象: 2025届
  薪资: 面议
  链接: https://search.51job.com/list/000000,000000,0000,00,9,99,%E6...

【岗位 57】
  公司名称: 新冰点保鲜科技（广州）有限公司
  岗位名称: 新冰点保鲜科技（广州）有限公司
  工作地点: 广州·白云区
  招聘类型: 社招 | 招聘对象: 2025届
  薪资: 面议
  链接: https://search.51job.com/list/000000,000000,0000,00,9,99,%E6...

【岗位 58】
  公司名称: 前锦网络信息技术（上海）有限公司
  岗位名称: 签订汇丰合同-粤语纯正+英语/每周休息2天
  工作地点: 佛山·南海区
  招聘类型: 社招 | 招聘对象: 2025届
  薪资: 面议
  链接: https://search.51job.com/list/000000,000000,0000,00,9,99,%E5...

【岗位 59】
  公司名称: 前海开源基金管理有限公司
  岗位名称: 策略研究员
  工作地点: 北京
  招聘类型: 社招 | 招聘对象: 2023届
  薪资: 面议
  链接: https://search.51job.com/list/000000,000000,0000,00,9,99,%E5...

【岗位 60】
  公司名称: 前海开源基金管理有限公司
  岗位名称: 前海开源基金管理有限公司
  工作地点: 北京
  招聘类型: 社招 | 招聘对象: 2023届
  薪资: 面议
  链接: https://search.51job.com/list/000000,000000,0000,00,9,99,%E5...

【岗位 61】
  公司名称: 中信期货有限公司
  岗位名称: 研究所-金融与量化研究部-权益及期权策略研究岗G01306
  工作地点: 北京
  招聘类型: 社招 | 招聘对象: 2023届
  薪资: 面议
  链接: https://search.51job.com/list/000000,000000,0000,00,9,99,%E4...

【岗位 62】
  公司名称: 中信期货有限公司
  岗位名称: 中信期货有限公司
  工作地点: 北京
  招聘类型: 社招 | 招聘对象: 2023届
  薪资: 面议
  链接: https://search.51job.com/list/000000,000000,0000,00,9,99,%E4...

【岗位 63】
  公司名称: 西南证券股份有限公司
  岗位名称: 研究院金融工程研究岗
  工作地点: 北京·西城区
  招聘类型: 社招 | 招聘对象: 2023届
  薪资: 面议
  链接: https://search.51job.com/list/000000,000000,0000,00,9,99,%E8...

【岗位 64】
  公司名称: 西南证券股份有限公司
  岗位名称: 西南证券股份有限公司
  工作地点: 北京·西城区
  招聘类型: 社招 | 招聘对象: 2023届
  薪资: 面议
  链接: https://search.51job.com/list/000000,000000,0000,00,9,99,%E8...

【岗位 65】
  公司名称: 长城人寿保险股份有限公司
  岗位名称: 健康险数据分析岗
  工作地点: 北京·西城区
  招聘类型: 社招 | 招聘对象: 2023届
  薪资: 面议
  链接: https://search.51job.com/list/000000,000000,0000,00,9,99,%E9...

【岗位 66】
  公司名称: 北京华圣聚贤教育科技有限公司
  岗位名称: 课程顾问招生老师
  工作地点: 北京·顺义区
  招聘类型: 社招 | 招聘对象: 2024/2025/2026届
  薪资: 面议
  链接: https://search.51job.com/list/000000,000000,0000,00,9,99,%E5...

【岗位 67】
  公司名称: 北京华圣聚贤教育科技有限公司
  岗位名称: 北京华圣聚贤教育科技有限公司
  工作地点: 北京·顺义区
  招聘类型: 社招 | 招聘对象: 2024/2025/2026届
  薪资: 面议
  链接: https://search.51job.com/list/000000,000000,0000,00,9,99,%E5...

【岗位 68】
  公司名称: 海南微城未来教育学校
  岗位名称: 网球教练（工作地：海南）
  工作地点: 北京
  招聘类型: 社招 | 招聘对象: 2024/2025/2026届
  薪资: 面议
  链接: https://search.51job.com/list/000000,000000,0000,00,9,99,%E6...

【岗位 69】
  公司名称: 海南微城未来教育学校
  岗位名称: 海南微城未来教育学校
  工作地点: 北京
  招聘类型: 社招 | 招聘对象: 2024/2025/2026届
  薪资: 面议
  链接: https://search.51job.com/list/000000,000000,0000,00,9,99,%E6...

【岗位 70】
  公司名称: 北京跃享体育发展有限公司
  岗位名称: 网球教练
  工作地点: 北京
  招聘类型: 社招 | 招聘对象: 2024/2025/2026届
  薪资: 面议
  链接: https://search.51job.com/list/000000,000000,0000,00,9,99,%E5...

【岗位 71】
  公司名称: 北京跃享体育发展有限公司
  岗位名称: 北京跃享体育发展有限公司
  工作地点: 北京
  招聘类型: 社招 | 招聘对象: 2024/2025/2026届
  薪资: 面议
  链接: https://search.51job.com/list/000000,000000,0000,00,9,99,%E5...

【岗位 72】
  公司名称: 山东瑞洋国际船舶管理有限公司
  岗位名称: 青年辅导员(Youth Staff)
  工作地点: 北京·东城区
  招聘类型: 社招 | 招聘对象: 2024/2025/2026届
  薪资: 面议
  链接: https://search.51job.com/list/000000,000000,0000,00,9,99,%E5...

【岗位 73】
  公司名称: 勃林格殷格翰（中国）投资有限公司
  岗位名称: 中央政府事务与准入专员 ID196176
  工作地点: 北京
  招聘类型: 社招 | 招聘对象: 2024/2025/2026届
  薪资: 面议
  链接: http://campus.51job.com/BI/...

【岗位 74】
  公司名称: 诺戴商务咨询（上海）有限公司
  岗位名称: Permitting Engineer （政府许可)
  工作地点: 北京·大兴区
  招聘类型: 社招 | 招聘对象: 2024/2025/2026届
  薪资: 面议
  链接: https://search.51job.com/list/000000,000000,0000,00,9,99,%E8...

【岗位 75】
  公司名称: 诺戴商务咨询（上海）有限公司
  岗位名称: 诺戴商务咨询（上海）有限公司
  工作地点: 北京·大兴区
  招聘类型: 社招 | 招聘对象: 2024/2025/2026届
  薪资: 面议
  链接: https://search.51job.com/list/000000,000000,0000,00,9,99,%E8...

【岗位 76】
  公司名称: 信达生物制药（苏州）有限公司
  岗位名称: 政府事务总监/副总监(中央/北京)(J20943)
  工作地点: 北京·东城区
  招聘类型: 社招 | 招聘对象: 2024/2025/2026届
  薪资: 面议
  链接: https://search.51job.com/list/000000,000000,0000,00,9,99,%E4...

【岗位 77】
  公司名称: 克诺尔轨道车辆系统企业管理（北京）有限公司
  岗位名称: GA & Markeitng Intern/政府事务&市场实习生
  工作地点: 北京·朝阳区
  招聘类型: 社招 | 招聘对象: 2024/2025/2026届
  薪资: 面议
  链接: https://search.51job.com/list/000000,000000,0000,00,9,99,%E5...

【岗位 78】
  公司名称: 克诺尔轨道车辆系统企业管理（北京）有限公司
  岗位名称: 克诺尔轨道车辆系统企业管理（北京）有限公司
  工作地点: 北京·朝阳区
  招聘类型: 社招 | 招聘对象: 2024/2025/2026届
  薪资: 面议
  链接: https://search.51job.com/list/000000,000000,0000,00,9,99,%E5...

【岗位 79】
  公司名称: 上海清美绿色食品（集团）有限公司
  岗位名称: 质量政府事务专员
  工作地点: 上海
  招聘类型: 社招 | 招聘对象: 2024/2025/2026届
  薪资: 面议
  链接: https://search.51job.com/list/000000,000000,0000,00,9,99,%E4...

【岗位 80】
  公司名称: 新东方大学事业部
  岗位名称: 学习管理师
  工作地点: 杭州·钱塘区
  招聘类型: 社招 | 招聘对象: 2024/2025/2026届
  薪资: 面议
  链接: https://search.51job.com/list/000000,000000,0000,00,9,99,%E6...

【岗位 81】
  公司名称: 新东方大学事业部
  岗位名称: 新东方大学事业部
  工作地点: 杭州·钱塘区
  招聘类型: 社招 | 招聘对象: 2024/2025/2026届
  薪资: 面议
  链接: https://search.51job.com/list/000000,000000,0000,00,9,99,%E6...

【岗位 82】
  公司名称: 杭州德心应守网络科技有限公司
  岗位名称: 线上学管师
  工作地点: 远程办公
  招聘类型: 社招 | 招聘对象: 2024/2025/2026届
  薪资: 面议
  链接: https://search.51job.com/list/000000,000000,0000,00,9,99,%E6...

【岗位 83】
  公司名称: 杭州德心应守网络科技有限公司
  岗位名称: 杭州德心应守网络科技有限公司
  工作地点: 远程办公
  招聘类型: 社招 | 招聘对象: 2024/2025/2026届
  薪资: 面议
  链接: https://search.51job.com/list/000000,000000,0000,00,9,99,%E6...

【岗位 84】
  公司名称: 杭州学恩堂信息咨询有限公司
  岗位名称: 历史政治
  工作地点: 杭州·萧山区
  招聘类型: 社招 | 招聘对象: 2024/2025/2026届
  薪资: 面议
  链接: https://search.51job.com/list/000000,000000,0000,00,9,99,%E6...

【岗位 85】
  公司名称: 杭州学恩堂信息咨询有限公司
  岗位名称: 杭州学恩堂信息咨询有限公司
  工作地点: 杭州·萧山区
  招聘类型: 社招 | 招聘对象: 2024/2025/2026届
  薪资: 面议
  链接: https://search.51job.com/list/000000,000000,0000,00,9,99,%E6...

【岗位 86】
  公司名称: 浙大城市学院继续教育学院
  岗位名称: 教师教育培训市场岗
  工作地点: 杭州·拱墅区
  招聘类型: 社招 | 招聘对象: 2024/2025/2026届
  薪资: 面议
  链接: https://search.51job.com/list/000000,000000,0000,00,9,99,%E6...

【岗位 87】
  公司名称: 中铁建工集团有限公司南京分公司
  岗位名称: 材料员
  工作地点: 南京·江宁区
  招聘类型: 社招 | 招聘对象: 2024/2025/2026届
  薪资: 面议
  链接: https://search.51job.com/list/000000,000000,0000,00,9,99,%E4...

【岗位 88】
  公司名称: 中铁建工集团有限公司南京分公司
  岗位名称: 中铁建工集团有限公司南京分公司
  工作地点: 南京·江宁区
  招聘类型: 社招 | 招聘对象: 2024/2025/2026届
  薪资: 面议
  链接: https://search.51job.com/list/000000,000000,0000,00,9,99,%E4...

【岗位 89】
  公司名称: 台积电（南京）有限公司
  岗位名称: 制程整合工程师
  工作地点: 南京
  招聘类型: 社招 | 招聘对象: 2024/2025/2026届
  薪资: 面议
  链接: https://search.51job.com/list/000000,000000,0000,00,9,99,%E5...

【岗位 90】
  公司名称: 台积电（南京）有限公司
  岗位名称: 台积电（南京）有限公司
  工作地点: 南京
  招聘类型: 社招 | 招聘对象: 2024/2025/2026届
  薪资: 面议
  链接: https://search.51job.com/list/000000,000000,0000,00,9,99,%E5...

【岗位 91】
  公司名称: 佳固士新材料有限公司
  岗位名称: 大客户销售（江苏/新材料方向）
  工作地点: 南京·玄武区
  招聘类型: 社招 | 招聘对象: 2024/2025/2026届
  薪资: 面议
  链接: https://search.51job.com/list/000000,000000,0000,00,9,99,%E4...

【岗位 92】
  公司名称: 佳固士新材料有限公司
  岗位名称: 佳固士新材料有限公司
  工作地点: 南京·玄武区
  招聘类型: 社招 | 招聘对象: 2024/2025/2026届
  薪资: 面议
  链接: https://search.51job.com/list/000000,000000,0000,00,9,99,%E4...

【岗位 93】
  公司名称: 苏州工业园区新国大研究院
  岗位名称: 硕士科研人员（生物医用材料方向）
  工作地点: 苏州
  招聘类型: 社招 | 招聘对象: 2024/2025/2026届
  薪资: 面议
  链接: https://search.51job.com/list/000000,000000,0000,00,9,99,%E8...

【岗位 94】
  公司名称: 金鹅（上海）贸易有限公司
  岗位名称: Artisan 工艺师 (手绘师）
  工作地点: 北京
  招聘类型: 社招 | 招聘对象: 2025届
  薪资: 面议
  链接: https://search.51job.com/list/000000,000000,0000,00,9,99,%E9...

【岗位 95】
  公司名称: 金鹅（上海）贸易有限公司
  岗位名称: 金鹅（上海）贸易有限公司
  工作地点: 北京
  招聘类型: 社招 | 招聘对象: 2025届
  薪资: 面议
  链接: https://search.51job.com/list/000000,000000,0000,00,9,99,%E9...

【岗位 96】
  公司名称: 安阳利博信息技术服务有限公司
  岗位名称: 广告创意/设计专员（五险一金 包食宿）
  工作地点: 北京·朝阳区
  招聘类型: 社招 | 招聘对象: 2025届
  薪资: 面议
  链接: https://search.51job.com/list/000000,000000,0000,00,9,99,%E5...

【岗位 97】
  公司名称: 安阳利博信息技术服务有限公司
  岗位名称: 安阳利博信息技术服务有限公司
  工作地点: 北京·朝阳区
  招聘类型: 社招 | 招聘对象: 2025届
  薪资: 面议
  链接: https://search.51job.com/list/000000,000000,0000,00,9,99,%E5...

【岗位 98】
  公司名称: 山东保福咨询服务有限公司
  岗位名称: 平面设计
  工作地点: 北京
  招聘类型: 社招 | 招聘对象: 2025届
  薪资: 面议
  链接: https://search.51job.com/list/000000,000000,0000,00,9,99,%E5...

【岗位 99】
  公司名称: 山东保福咨询服务有限公司
  岗位名称: 山东保福咨询服务有限公司
  工作地点: 北京
  招聘类型: 社招 | 招聘对象: 2025届
  薪资: 面议
  链接: https://search.51job.com/list/000000,000000,0000,00,9,99,%E5...

【岗位 100】
  公司名称: 北京纳沃佩思艺术设计有限公司
  岗位名称: 助理设计师（陈设艺术方向）
  工作地点: 北京·朝阳区
  招聘类型: 社招 | 招聘对象: 2025届
  薪资: 面议
  链接: https://search.51job.com/list/000000,000000,0000,00,9,99,%E5...

【岗位 101】
  公司名称: 四川伊惟特麓吟企业管理有限公司
  岗位名称: 客户经理（金融方向，周末双休，六险一金）
  工作地点: 深圳·福田区
  招聘类型: 社招 | 招聘对象: 2025届
  薪资: 面议
  链接: https://search.51job.com/list/000000,000000,0000,00,9,99,%E5...

【岗位 102】
  公司名称: 四川伊惟特麓吟企业管理有限公司
  岗位名称: 四川伊惟特麓吟企业管理有限公司
  工作地点: 深圳·福田区
  招聘类型: 社招 | 招聘对象: 2025届
  薪资: 面议
  链接: https://search.51job.com/list/000000,000000,0000,00,9,99,%E5...

【岗位 103】
  公司名称: 五矿证券有限公司
  岗位名称: 风控合规岗(007981)
  工作地点: 深圳·南山区
  招聘类型: 社招 | 招聘对象: 2025届
  薪资: 面议
  链接: https://search.51job.com/list/000000,000000,0000,00,9,99,%E4...

【岗位 104】
  公司名称: 五矿证券有限公司
  岗位名称: 五矿证券有限公司
  工作地点: 深圳·南山区
  招聘类型: 社招 | 招聘对象: 2025届
  薪资: 面议
  链接: https://search.51job.com/list/000000,000000,0000,00,9,99,%E4...

【岗位 105】
  公司名称: 深圳南油外服人力资源有限公司
  岗位名称: 某500强央企金融板块-估值岗（深圳）G14013
  工作地点: 深圳·罗湖区
  招聘类型: 社招 | 招聘对象: 2025届
  薪资: 面议
  链接: https://search.51job.com/list/000000,000000,0000,00,9,99,%E6...

【岗位 106】
  公司名称: 深圳南油外服人力资源有限公司
  岗位名称: 深圳南油外服人力资源有限公司
  工作地点: 深圳·罗湖区
  招聘类型: 社招 | 招聘对象: 2025届
  薪资: 面议
  链接: https://search.51job.com/list/000000,000000,0000,00,9,99,%E6...

【岗位 107】
  公司名称: 杭州银行股份有限公司深圳分行
  岗位名称: 公司客户经理
  工作地点: 深圳·南山区
  招聘类型: 社招 | 招聘对象: 2025届
  薪资: 面议
  链接: https://search.51job.com/list/000000,000000,0000,00,9,99,%E6...

【岗位 108】
  公司名称: 上海乐高乐园有限公司
  岗位名称: Trade Marketing Sup/Mgr 渠道营销主管/经理
  工作地点: 上海·金山区
  招聘类型: 社招 | 招聘对象: 2026届
  薪资: 面议
  链接: https://search.51job.com/list/000000,000000,0000,00,9,99,%E4...

【岗位 109】
  公司名称: 上海乐高乐园有限公司
  岗位名称: 上海乐高乐园有限公司
  工作地点: 上海·金山区
  招聘类型: 社招 | 招聘对象: 2026届
  薪资: 面议
  链接: https://search.51job.com/list/000000,000000,0000,00,9,99,%E4...

【岗位 110】
  公司名称: 盖茨优霓塔传动系统（苏州）有限公司
  岗位名称: 市场专员
  工作地点: 上海·长宁区
  招聘类型: 社招 | 招聘对象: 2026届
  薪资: 面议
  链接: https://search.51job.com/list/000000,000000,0000,00,9,99,%E7...

【岗位 111】
  公司名称: 盖茨优霓塔传动系统（苏州）有限公司
  岗位名称: 盖茨优霓塔传动系统（苏州）有限公司
  工作地点: 上海·长宁区
  招聘类型: 社招 | 招聘对象: 2026届
  薪资: 面议
  链接: https://search.51job.com/list/000000,000000,0000,00,9,99,%E7...

【岗位 112】
  公司名称: 上海氢迈工程技术有限公司
  岗位名称: 海外市场营销经理
  工作地点: 上海·青浦区
  招聘类型: 社招 | 招聘对象: 2026届
  薪资: 面议
  链接: https://search.51job.com/list/000000,000000,0000,00,9,99,%E4...

【岗位 113】
  公司名称: 上海氢迈工程技术有限公司
  岗位名称: 上海氢迈工程技术有限公司
  工作地点: 上海·青浦区
  招聘类型: 社招 | 招聘对象: 2026届
  薪资: 面议
  链接: https://search.51job.com/list/000000,000000,0000,00,9,99,%E4...

【岗位 114】
  公司名称: 新加坡伊顿国际教育集团
  岗位名称: 市场招生专员
  工作地点: 南通
  招聘类型: 社招 | 招聘对象: 2026届
  薪资: 面议
  链接: https://search.51job.com/list/000000,000000,0000,00,9,99,%E6...

【岗位 115】
  公司名称: 乐宫（河北）企业管理有限公司
  岗位名称: 数据分析员/五险双休
  工作地点: 北京·东城区
  招聘类型: 社招 | 招聘对象: 2024届
  薪资: 面议
  链接: https://search.51job.com/list/000000,000000,0000,00,9,99,%E4...

【岗位 116】
  公司名称: 乐宫（河北）企业管理有限公司
  岗位名称: 乐宫（河北）企业管理有限公司
  工作地点: 北京·东城区
  招聘类型: 社招 | 招聘对象: 2024届
  薪资: 面议
  链接: https://search.51job.com/list/000000,000000,0000,00,9,99,%E4...

【岗位 117】
  公司名称: 北京裕荣医学数据科技有限公司
  岗位名称: 数据分析师（SAS/R/Python）
  工作地点: 北京·大兴区
  招聘类型: 社招 | 招聘对象: 2024届
  薪资: 面议
  链接: https://search.51job.com/list/000000,000000,0000,00,9,99,%E5...

【岗位 118】
  公司名称: 北京裕荣医学数据科技有限公司
  岗位名称: 北京裕荣医学数据科技有限公司
  工作地点: 北京·大兴区
  招聘类型: 社招 | 招聘对象: 2024届
  薪资: 面议
  链接: https://search.51job.com/list/000000,000000,0000,00,9,99,%E5...

【岗位 119】
  公司名称: 北京中瓴时代科技有限公司
  岗位名称: 数据分析助理
  工作地点: 北京
  招聘类型: 社招 | 招聘对象: 2024届
  薪资: 面议
  链接: https://search.51job.com/list/000000,000000,0000,00,9,99,%E5...

【岗位 120】
  公司名称: 北京中瓴时代科技有限公司
  岗位名称: 北京中瓴时代科技有限公司
  工作地点: 北京
  招聘类型: 社招 | 招聘对象: 2024届
  薪资: 面议
  链接: https://search.51job.com/list/000000,000000,0000,00,9,99,%E5...

【岗位 121】
  公司名称: 上海旭中市场信息咨询有限公司
  岗位名称: 数据分析师
  工作地点: 上海·闵行区
  招聘类型: 社招 | 招聘对象: 2024届
  薪资: 面议
  链接: https://search.51job.com/list/000000,000000,0000,00,9,99,%E4...

【岗位 122】
  公司名称: 上海方磊物业管理有限公司
  岗位名称: 商业运营主管
  工作地点: 上海·长宁区
  招聘类型: 社招 | 招聘对象: 2024届
  薪资: 面议
  链接: https://search.51job.com/list/000000,000000,0000,00,9,99,%E4...

【岗位 123】
  公司名称: 上海方磊物业管理有限公司
  岗位名称: 上海方磊物业管理有限公司
  工作地点: 上海·长宁区
  招聘类型: 社招 | 招聘对象: 2024届
  薪资: 面议
  链接: https://search.51job.com/list/000000,000000,0000,00,9,99,%E4...

【岗位 124】
  公司名称: 文素清（上海）化妆品有限公司
  岗位名称: 商业分析
  工作地点: 上海·黄浦区
  招聘类型: 社招 | 招聘对象: 2024届
  薪资: 面议
  链接: https://search.51job.com/list/000000,000000,0000,00,9,99,%E6...

【岗位 125】
  公司名称: 文素清（上海）化妆品有限公司
  岗位名称: 文素清（上海）化妆品有限公司
  工作地点: 上海·黄浦区
  招聘类型: 社招 | 招聘对象: 2024届
  薪资: 面议
  链接: https://search.51job.com/list/000000,000000,0000,00,9,99,%E6...

【岗位 126】
  公司名称: AMARIS摩芮思科技咨询（上海）有限公司
  岗位名称: Data Scientist
  工作地点: 上海·黄浦区
  招聘类型: 社招 | 招聘对象: 2024届
  薪资: 面议
  链接: https://search.51job.com/list/000000,000000,0000,00,9,99,AMA...

【岗位 127】
  公司名称: AMARIS摩芮思科技咨询（上海）有限公司
  岗位名称: AMARIS摩芮思科技咨询（上海）有限公司
  工作地点: 上海·黄浦区
  招聘类型: 社招 | 招聘对象: 2024届
  薪资: 面议
  链接: https://search.51job.com/list/000000,000000,0000,00,9,99,AMA...

【岗位 128】
  公司名称: 上海华明电力设备制造有限公司
  岗位名称: 制造业信息官（CIO）
  工作地点: 上海·奉贤区
  招聘类型: 社招 | 招聘对象: 2024届
  薪资: 面议
  链接: https://search.51job.com/list/000000,000000,0000,00,9,99,%E4...

【岗位 129】
  公司名称: 北京中科航天人才服务有限公司
  岗位名称: 部长助理（秘书）
  工作地点: 北京·海淀区
  招聘类型: 社招 | 招聘对象: 2026届
  薪资: 面议
  链接: https://search.51job.com/list/000000,000000,0000,00,9,99,%E5...

【岗位 130】
  公司名称: 北京中科航天人才服务有限公司
  岗位名称: 北京中科航天人才服务有限公司
  工作地点: 北京·海淀区
  招聘类型: 社招 | 招聘对象: 2026届
  薪资: 面议
  链接: https://search.51job.com/list/000000,000000,0000,00,9,99,%E5...

【岗位 131】
  公司名称: InnoCare诺诚健华
  岗位名称: Executive Assistant (J10335)
  工作地点: 北京·昌平区
  招聘类型: 社招 | 招聘对象: 2026届
  薪资: 面议
  链接: https://search.51job.com/list/000000,000000,0000,00,9,99,Inn...

【岗位 132】
  公司名称: InnoCare诺诚健华
  岗位名称: InnoCare诺诚健华
  工作地点: 北京·昌平区
  招聘类型: 社招 | 招聘对象: 2026届
  薪资: 面议
  链接: https://search.51job.com/list/000000,000000,0000,00,9,99,Inn...

【岗位 133】
  公司名称: 北京卓尔房地产经纪有限责任公司
  岗位名称: 高级管理岗
  工作地点: 北京·朝阳区
  招聘类型: 社招 | 招聘对象: 2026届
  薪资: 面议
  链接: https://search.51job.com/list/000000,000000,0000,00,9,99,%E5...

【岗位 134】
  公司名称: 北京卓尔房地产经纪有限责任公司
  岗位名称: 北京卓尔房地产经纪有限责任公司
  工作地点: 北京·朝阳区
  招聘类型: 社招 | 招聘对象: 2026届
  薪资: 面议
  链接: https://search.51job.com/list/000000,000000,0000,00,9,99,%E5...

【岗位 135】
  公司名称: 北京托摩根生物科技有限公司
  岗位名称: 总裁助理/总经理助理
  工作地点: 北京
  招聘类型: 社招 | 招聘对象: 2026届
  薪资: 面议
  链接: https://search.51job.com/list/000000,000000,0000,00,9,99,%E5...

【岗位 136】
  公司名称: 前锦网络信息技术（上海）有限公司
  岗位名称: 私域流量运营负责人
  工作地点: 广州·天河区
  招聘类型: 社招 | 招聘对象: 2026届
  薪资: 面议
  链接: https://search.51job.com/list/000000,000000,0000,00,9,99,%E5...

【岗位 137】
  公司名称: 卓越教育集团-广州高中部
  岗位名称: 私域社群运营
  工作地点: 广州·越秀区
  招聘类型: 社招 | 招聘对象: 2026届
  薪资: 面议
  链接: https://search.51job.com/list/000000,000000,0000,00,9,99,%E5...

【岗位 138】
  公司名称: 卓越教育集团-广州高中部
  岗位名称: 卓越教育集团-广州高中部
  工作地点: 广州·越秀区
  招聘类型: 社招 | 招聘对象: 2026届
  薪资: 面议
  链接: https://search.51job.com/list/000000,000000,0000,00,9,99,%E5...

【岗位 139】
  公司名称: 广州德禄讯信息科技有限公司
  岗位名称: 新媒体编辑
  工作地点: 广州·海珠区
  招聘类型: 社招 | 招聘对象: 2026届
  薪资: 面议
  链接: https://search.51job.com/list/000000,000000,0000,00,9,99,%E5...

【岗位 140】
  公司名称: 广州德禄讯信息科技有限公司
  岗位名称: 广州德禄讯信息科技有限公司
  工作地点: 广州·海珠区
  招聘类型: 社招 | 招聘对象: 2026届
  薪资: 面议
  链接: https://search.51job.com/list/000000,000000,0000,00,9,99,%E5...

【岗位 141】
  公司名称: 中山万汉制药有限公司
  岗位名称: 私域运营
  工作地点: 中山·南朗镇
  招聘类型: 社招 | 招聘对象: 2026届
  薪资: 面议
  链接: https://search.51job.com/list/000000,000000,0000,00,9,99,%E4...

【岗位 142】
  公司名称: 中山万汉制药有限公司
  岗位名称: 中山万汉制药有限公司
  工作地点: 中山·南朗镇
  招聘类型: 社招 | 招聘对象: 2026届
  薪资: 面议
  链接: https://search.51job.com/list/000000,000000,0000,00,9,99,%E4...

【岗位 143】
  公司名称: 清华大学
  岗位名称: 金融安全研究中心初级研究专员
  工作地点: 北京·海淀区
  招聘类型: 社招 | 招聘对象: 2026届
  薪资: 面议
  链接: https://search.51job.com/list/000000,000000,0000,00,9,99,%E6...

【岗位 144】
  公司名称: 杭州恒赢自有资金投资有限公司
  岗位名称: 交易员
  工作地点: 北京
  招聘类型: 社招 | 招聘对象: 2026届
  薪资: 面议
  链接: https://search.51job.com/list/000000,000000,0000,00,9,99,%E6...

【岗位 145】
  公司名称: 杭州恒赢自有资金投资有限公司
  岗位名称: 杭州恒赢自有资金投资有限公司
  工作地点: 北京
  招聘类型: 社招 | 招聘对象: 2026届
  薪资: 面议
  链接: https://search.51job.com/list/000000,000000,0000,00,9,99,%E6...

【岗位 146】
  公司名称: 前锦网络信息技术（上海）有限公司
  岗位名称: 外汇经理岗
  工作地点: 北京
  招聘类型: 社招 | 招聘对象: 2026届
  薪资: 面议
  链接: https://search.51job.com/list/000000,000000,0000,00,9,99,%E5...

【岗位 147】
  公司名称: 国盛证券有限责任公司
  岗位名称: 宏观联席首席分析师/分析师/研究员/研究助理(000591)
  工作地点: 北京·东城区
  招聘类型: 社招 | 招聘对象: 2026届
  薪资: 面议
  链接: https://search.51job.com/list/000000,000000,0000,00,9,99,%E5...

【岗位 148】
  公司名称: 深圳市永佑顺财务代理有限公司
  岗位名称: 公募基金研究岗
  工作地点: 上海·浦东新区
  招聘类型: 社招 | 招聘对象: 2026届
  薪资: 面议
  链接: https://search.51job.com/list/000000,000000,0000,00,9,99,%E6...

【岗位 149】
  公司名称: 深圳市永佑顺财务代理有限公司
  岗位名称: 深圳市永佑顺财务代理有限公司
  工作地点: 上海·浦东新区
  招聘类型: 社招 | 招聘对象: 2026届
  薪资: 面议
  链接: https://search.51job.com/list/000000,000000,0000,00,9,99,%E6...

【岗位 150】
  公司名称: 盾豪（上海）供应链管理有限公司
  岗位名称: 财务专员
  工作地点: 上海·杨浦区
  招聘类型: 社招 | 招聘对象: 不限
  薪资: 面议
  链接: https://search.51job.com/list/000000,000000,0000,00,9,99,%E7...

【岗位 151】
  公司名称: 盾豪（上海）供应链管理有限公司
  岗位名称: 盾豪（上海）供应链管理有限公司
  工作地点: 上海·杨浦区
  招聘类型: 社招 | 招聘对象: 不限
  薪资: 面议
  链接: https://search.51job.com/list/000000,000000,0000,00,9,99,%E7...

【岗位 152】
  公司名称: 爱尔博微视（上海）医疗科技有限公司
  岗位名称: 高级供应链经理
  工作地点: 上海·宝山区
  招聘类型: 社招 | 招聘对象: 不限
  薪资: 面议
  链接: https://search.51job.com/list/000000,000000,0000,00,9,99,%E7...

【岗位 153】
  公司名称: 爱尔博微视（上海）医疗科技有限公司
  岗位名称: 爱尔博微视（上海）医疗科技有限公司
  工作地点: 上海·宝山区
  招聘类型: 社招 | 招聘对象: 不限
  薪资: 面议
  链接: https://search.51job.com/list/000000,000000,0000,00,9,99,%E7...

【岗位 154】
  公司名称: 上海新嘉万序医疗供应链管理有限公司
  岗位名称: 采购专员
  工作地点: 上海
  招聘类型: 社招 | 招聘对象: 不限
  薪资: 面议
  链接: https://search.51job.com/list/000000,000000,0000,00,9,99,%E4...

【岗位 155】
  公司名称: 上海新嘉万序医疗供应链管理有限公司
  岗位名称: 上海新嘉万序医疗供应链管理有限公司
  工作地点: 上海
  招聘类型: 社招 | 招聘对象: 不限
  薪资: 面议
  链接: https://search.51job.com/list/000000,000000,0000,00,9,99,%E4...

【岗位 156】
  公司名称: 前锦网络信息技术（上海）有限公司
  岗位名称: 采购总监（工业污水处理行业）
  工作地点: 上海·浦东新区
  招聘类型: 社招 | 招聘对象: 不限
  薪资: 面议
  链接: https://search.51job.com/list/000000,000000,0000,00,9,99,%E5...

【岗位 157】
  公司名称: 立信会计师事务所（特殊普通合伙）
  岗位名称: 金融审计-项目经理(J11241)
  工作地点: 上海·黄浦区
  招聘类型: 社招 | 招聘对象: 2026届
  薪资: 面议
  链接: https://search.51job.com/list/000000,000000,0000,00,9,99,%E7...

【岗位 158】
  公司名称: 立信会计师事务所（特殊普通合伙）
  岗位名称: 立信会计师事务所（特殊普通合伙）
  工作地点: 上海·黄浦区
  招聘类型: 社招 | 招聘对象: 2026届
  薪资: 面议
  链接: https://search.51job.com/list/000000,000000,0000,00,9,99,%E7...

【岗位 159】
  公司名称: 新华人寿保险股份有限公司上海分公司
  岗位名称: 审计部-东区审计岗（上海）(J14651)
  工作地点: 上海
  招聘类型: 社招 | 招聘对象: 2026届
  薪资: 面议
  链接: https://search.51job.com/list/000000,000000,0000,00,9,99,%E6...

【岗位 160】
  公司名称: 新华人寿保险股份有限公司上海分公司
  岗位名称: 新华人寿保险股份有限公司上海分公司
  工作地点: 上海
  招聘类型: 社招 | 招聘对象: 2026届
  薪资: 面议
  链接: https://search.51job.com/list/000000,000000,0000,00,9,99,%E6...

【岗位 161】
  公司名称: 上海泽坤会计师事务所（普通合伙）
  岗位名称: 审计助理
  工作地点: 上海·浦东新区
  招聘类型: 社招 | 招聘对象: 2026届
  薪资: 面议
  链接: https://search.51job.com/list/000000,000000,0000,00,9,99,%E4...

【岗位 162】
  公司名称: 上海泽坤会计师事务所（普通合伙）
  岗位名称: 上海泽坤会计师事务所（普通合伙）
  工作地点: 上海·浦东新区
  招聘类型: 社招 | 招聘对象: 2026届
  薪资: 面议
  链接: https://search.51job.com/list/000000,000000,0000,00,9,99,%E4...

【岗位 163】
  公司名称: 江阴华新精密科技股份有限公司
  岗位名称: 内审经理
  工作地点: 无锡
  招聘类型: 社招 | 招聘对象: 2026届
  薪资: 面议
  链接: https://search.51job.com/list/000000,000000,0000,00,9,99,%E6...

【岗位 164】
  公司名称: 南京奥联汽车电子电器股份有限公司
  岗位名称: 市场助理（英语或日语）
  工作地点: 南京·江宁区
  招聘类型: 社招 | 招聘对象: 2026届
  薪资: 面议
  链接: https://search.51job.com/list/000000,000000,0000,00,9,99,%E5...

【岗位 165】
  公司名称: 南京奥联汽车电子电器股份有限公司
  岗位名称: 南京奥联汽车电子电器股份有限公司
  工作地点: 南京·江宁区
  招聘类型: 社招 | 招聘对象: 2026届
  薪资: 面议
  链接: https://search.51job.com/list/000000,000000,0000,00,9,99,%E5...

【岗位 166】
  公司名称: Apex Maritime (Shanghai) Co.,Ltd
  岗位名称: Business Development
  工作地点: 南京·玄武区
  招聘类型: 社招 | 招聘对象: 2026届
  薪资: 面议
  链接: https://search.51job.com/list/000000,000000,0000,00,9,99,Ape...

【岗位 167】
  公司名称: Apex Maritime (Shanghai) Co.,Ltd
  岗位名称: Apex Maritime (Shanghai) Co.,Ltd
  工作地点: 南京·玄武区
  招聘类型: 社招 | 招聘对象: 2026届
  薪资: 面议
  链接: https://search.51job.com/list/000000,000000,0000,00,9,99,Ape...

【岗位 168】
  公司名称: 威诺（南京）认证检测有限公司
  岗位名称: 市场经理
  工作地点: 南京·江宁区
  招聘类型: 社招 | 招聘对象: 2026届
  薪资: 面议
  链接: https://search.51job.com/list/000000,000000,0000,00,9,99,%E5...

【岗位 169】
  公司名称: 威诺（南京）认证检测有限公司
  岗位名称: 威诺（南京）认证检测有限公司
  工作地点: 南京·江宁区
  招聘类型: 社招 | 招聘对象: 2026届
  薪资: 面议
  链接: https://search.51job.com/list/000000,000000,0000,00,9,99,%E5...

【岗位 170】
  公司名称: 光一科技股份有限公司
  岗位名称: 校区负责人
  工作地点: 南京·江宁区
  招聘类型: 社招 | 招聘对象: 2026届
  薪资: 面议
  链接: https://search.51job.com/list/000000,000000,0000,00,9,99,%E5...

【岗位 171】
  公司名称: 伯希和户外运动集团股份有限公司
  岗位名称: 产品文案
  工作地点: 北京·通州区
  招聘类型: 社招 | 招聘对象: 2026届
  薪资: 面议
  链接: https://search.51job.com/list/000000,000000,0000,00,9,99,%E4...

【岗位 172】
  公司名称: 伯希和户外运动集团股份有限公司
  岗位名称: 伯希和户外运动集团股份有限公司
  工作地点: 北京·通州区
  招聘类型: 社招 | 招聘对象: 2026届
  薪资: 面议
  链接: https://search.51job.com/list/000000,000000,0000,00,9,99,%E4...

【岗位 173】
  公司名称: 爱奇会展集团有限公司
  岗位名称: 展会项目经理
  工作地点: 北京·东城区
  招聘类型: 社招 | 招聘对象: 2026届
  薪资: 面议
  链接: https://search.51job.com/list/000000,000000,0000,00,9,99,%E7...

【岗位 174】
  公司名称: 爱奇会展集团有限公司
  岗位名称: 爱奇会展集团有限公司
  工作地点: 北京·东城区
  招聘类型: 社招 | 招聘对象: 2026届
  薪资: 面议
  链接: https://search.51job.com/list/000000,000000,0000,00,9,99,%E7...

【岗位 175】
  公司名称: 杭州橄榄树学校
  岗位名称: 高中英语教师
  工作地点: 杭州·临平区
  招聘类型: 社招 | 招聘对象: 2026届
  薪资: 面议
  链接: https://search.51job.com/list/000000,000000,0000,00,9,99,%E6...

【岗位 176】
  公司名称: 杭州橄榄树学校
  岗位名称: 杭州橄榄树学校
  工作地点: 杭州·临平区
  招聘类型: 社招 | 招聘对象: 2026届
  薪资: 面议
  链接: https://search.51job.com/list/000000,000000,0000,00,9,99,%E6...

【岗位 177】
  公司名称: 苏州佐言企业管理咨询有限公司
  岗位名称: 初中英语教师
  工作地点: 杭州·滨江区
  招聘类型: 社招 | 招聘对象: 2026届
  薪资: 面议
  链接: https://search.51job.com/list/000000,000000,0000,00,9,99,%E8...

【岗位 178】
  公司名称: 苏州佐言企业管理咨询有限公司
  岗位名称: 苏州佐言企业管理咨询有限公司
  工作地点: 杭州·滨江区
  招聘类型: 社招 | 招聘对象: 2026届
  薪资: 面议
  链接: https://search.51job.com/list/000000,000000,0000,00,9,99,%E8...

【岗位 179】
  公司名称: 杭州学恩堂信息咨询有限公司
  岗位名称: 初中英语教师
  工作地点: 杭州·萧山区
  招聘类型: 社招 | 招聘对象: 2026届
  薪资: 面议
  链接: https://search.51job.com/list/000000,000000,0000,00,9,99,%E6...

【岗位 180】
  公司名称: 杭州德心应守网络科技有限公司
  岗位名称: 兼职线上英语教师-不限专业
  工作地点: 远程办公
  招聘类型: 社招 | 招聘对象: 2026届
  薪资: 面议
  链接: https://search.51job.com/list/000000,000000,0000,00,9,99,%E6...

【岗位 181】
  公司名称: 南京新东方学校
  岗位名称: 小初高英语教师
  工作地点: 南京
  招聘类型: 社招 | 招聘对象: 2026届
  薪资: 面议
  链接: https://search.51job.com/list/000000,000000,0000,00,9,99,%E5...

【岗位 182】
  公司名称: 深圳市玩胜体育发展有限公司
  岗位名称: 体能教练
  工作地点: 深圳·南山区
  招聘类型: 社招 | 招聘对象: 2026届
  薪资: 面议
  链接: https://search.51job.com/list/000000,000000,0000,00,9,99,%E6...

【岗位 183】
  公司名称: 深圳市玩胜体育发展有限公司
  岗位名称: 深圳市玩胜体育发展有限公司
  工作地点: 深圳·南山区
  招聘类型: 社招 | 招聘对象: 2026届
  薪资: 面议
  链接: https://search.51job.com/list/000000,000000,0000,00,9,99,%E6...

【岗位 184】
  公司名称: 宁波诺丁汉大学
  岗位名称: 体育部行政主管 (Temporary)
  工作地点: 宁波
  招聘类型: 社招 | 招聘对象: 2026届
  薪资: 面议
  链接: https://search.51job.com/list/000000,000000,0000,00,9,99,%E5...

【岗位 185】
  公司名称: 宁波诺丁汉大学
  岗位名称: 宁波诺丁汉大学
  工作地点: 宁波
  招聘类型: 社招 | 招聘对象: 2026届
  薪资: 面议
  链接: https://search.51job.com/list/000000,000000,0000,00,9,99,%E5...

【岗位 186】
  公司名称: 深圳市罗湖区七彩阳光幼儿园
  岗位名称: BCBA/BCaBA/特教/幼教体育老师
  工作地点: 深圳·罗湖区
  招聘类型: 社招 | 招聘对象: 2026届
  薪资: 面议
  链接: https://search.51job.com/list/000000,000000,0000,00,9,99,%E6...

【岗位 187】
  公司名称: 深圳市罗湖区七彩阳光幼儿园
  岗位名称: 深圳市罗湖区七彩阳光幼儿园
  工作地点: 深圳·罗湖区
  招聘类型: 社招 | 招聘对象: 2026届
  薪资: 面议
  链接: https://search.51job.com/list/000000,000000,0000,00,9,99,%E6...

【岗位 188】
  公司名称: 武汉市洪山区杨春湖实验学校
  岗位名称: 中小学体育教师
  工作地点: 武汉·洪山区
  招聘类型: 社招 | 招聘对象: 2026届
  薪资: 面议
  链接: https://search.51job.com/list/000000,000000,0000,00,9,99,%E6...

【岗位 189】
  公司名称: 江苏德嘉土地规划设计咨询有限公司
  岗位名称: 土地规划师
  工作地点: 南京·建邺区
  招聘类型: 社招 | 招聘对象: 2026届
  薪资: 面议
  链接: https://search.51job.com/list/000000,000000,0000,00,9,99,%E6...

【岗位 190】
  公司名称: 江苏德嘉土地规划设计咨询有限公司
  岗位名称: 江苏德嘉土地规划设计咨询有限公司
  工作地点: 南京·建邺区
  招聘类型: 社招 | 招聘对象: 2026届
  薪资: 面议
  链接: https://search.51job.com/list/000000,000000,0000,00,9,99,%E6...

【岗位 191】
  公司名称: 国坤产业投资发展（江苏）有限公司
  岗位名称: 农业规划经理
  工作地点: 南京·建邺区
  招聘类型: 社招 | 招聘对象: 2026届
  薪资: 面议
  链接: https://search.51job.com/list/000000,000000,0000,00,9,99,%E5...

【岗位 192】
  公司名称: 国坤产业投资发展（江苏）有限公司
  岗位名称: 国坤产业投资发展（江苏）有限公司
  工作地点: 南京·建邺区
  招聘类型: 社招 | 招聘对象: 2026届
  薪资: 面议
  链接: https://search.51job.com/list/000000,000000,0000,00,9,99,%E5...

【岗位 193】
  公司名称: 江苏匠工营国规划设计有限公司
  岗位名称: 规划设计总监
  工作地点: 南京·栖霞区
  招聘类型: 社招 | 招聘对象: 2026届
  薪资: 面议
  链接: https://search.51job.com/list/000000,000000,0000,00,9,99,%E6...

【岗位 194】
  公司名称: 江苏匠工营国规划设计有限公司
  岗位名称: 江苏匠工营国规划设计有限公司
  工作地点: 南京·栖霞区
  招聘类型: 社招 | 招聘对象: 2026届
  薪资: 面议
  链接: https://search.51job.com/list/000000,000000,0000,00,9,99,%E6...

【岗位 195】
  公司名称: 万谷企业管理集团有限公司
  岗位名称: 产业招商（绿色节能行业）
  工作地点: 南京·玄武区
  招聘类型: 社招 | 招聘对象: 2026届
  薪资: 面议
  链接: https://search.51job.com/list/000000,000000,0000,00,9,99,%E4...

【岗位 196】
  公司名称: 思朴知识产权代理（上海）有限公司
  岗位名称: Paralegal法律助理
  工作地点: 北京·东城区
  招聘类型: 社招 | 招聘对象: 2026届
  薪资: 面议
  链接: https://search.51job.com/list/000000,000000,0000,00,9,99,%E6...

【岗位 197】
  公司名称: 思朴知识产权代理（上海）有限公司
  岗位名称: 思朴知识产权代理（上海）有限公司
  工作地点: 北京·东城区
  招聘类型: 社招 | 招聘对象: 2026届
  薪资: 面议
  链接: https://search.51job.com/list/000000,000000,0000,00,9,99,%E6...

【岗位 198】
  公司名称: 谱尼测试集团股份有限公司
  岗位名称: 法务主管
  工作地点: 北京·海淀区
  招聘类型: 社招 | 招聘对象: 2026届
  薪资: 面议
  链接: https://search.51job.com/list/000000,000000,0000,00,9,99,%E8...

【岗位 199】
  公司名称: 谱尼测试集团股份有限公司
  岗位名称: 谱尼测试集团股份有限公司
  工作地点: 北京·海淀区
  招聘类型: 社招 | 招聘对象: 2026届
  薪资: 面议
  链接: https://search.51job.com/list/000000,000000,0000,00,9,99,%E8...

【岗位 200】
  公司名称: 中润石油技术（深圳）有限公司
  岗位名称: 涉外合同与法律事务专员
  工作地点: 北京
  招聘类型: 社招 | 招聘对象: 2026届
  薪资: 面议
  链接: https://search.51job.com/list/000000,000000,0000,00,9,99,%E4...

✓ 浏览器已关闭
