
============================================================
AceOffer 招聘信息抓取脚本
============================================================

开始时间: 2025-12-06 19:04:09
正在启动浏览器...
使用用户数据目录: /Users/changchun/Library/Application Support/Google/Chrome_Scraper
✓ 浏览器启动成功！

正在访问: https://material.aceoffer.cn/recruit
✓ 页面加载完成

检查并点击'网申开启'标签...
  找到'网申开启'标签，正在点击...
  ✓ 已点击'网申开启'标签

等待招聘列表加载...
正在滚动页面以加载所有卡片...
✓ 页面滚动完成

============================================================
第 1 页
============================================================

------------------------------------------------------------
开始抓取当前页...
正在通过'立即投递'按钮定位招聘卡片...
  页面上共有 100 个'立即投递'按钮
  通过XPath找到 0 个可能的卡片容器
✓ 找到 0 个唯一的招聘卡片
尝试使用其他选择器...
✓ 使用选择器 '[class*='item']' 找到 300 个有效的招聘卡片
⚠ 当前页有 300 个卡片，但限制每页最多抓取 10 个

处理第 1/10 个卡片...
    点击'立即投递'按钮...
    ✓ 获取到链接: https://www.mckinsey.com/careers/search-jobs/jobs/businessanalystintern-15275?se...
  ✓ 公司: 麦肯锡2026年暑期实习生招募, 类型: 暑期实习, 实习, 链接: 已获取

处理第 2/10 个卡片...
    点击'立即投递'按钮...
    ⚠ 链接已处理过，跳过
  ⚠ 跳过：链接已处理过（重复）

处理第 3/10 个卡片...
    点击'立即投递'按钮...
    ⚠ 链接已处理过，跳过
  ⚠ 跳过：链接已处理过（重复）

处理第 4/10 个卡片...
    点击'立即投递'按钮...
    ✓ 获取到链接: https://www.zhipin.com/dz/cfjx2026/job-school...
  ✓ 公司: 成方金融信息技术服务有限公司2026年度校园招聘, 类型: 秋招正式批, 链接: 已获取

处理第 5/10 个卡片...
    点击'立即投递'按钮...
    ⚠ 链接已处理过，跳过
  ⚠ 跳过：链接已处理过（重复）

处理第 6/10 个卡片...
    点击'立即投递'按钮...
    ⚠ 链接已处理过，跳过
  ⚠ 跳过：链接已处理过（重复）

处理第 7/10 个卡片...
    点击'立即投递'按钮...
    ✓ 获取到链接: https://mp.weixin.qq.com/s/ybEdBMfnh-DWIsV7xpr6cQ...
  ✓ 公司: 必凡娱乐2026校园招聘, 类型: 秋招正式批, 链接: 已获取

处理第 8/10 个卡片...
    点击'立即投递'按钮...
    ⚠ 链接已处理过，跳过
  ⚠ 跳过：链接已处理过（重复）

处理第 9/10 个卡片...
    点击'立即投递'按钮...
    ⚠ 链接已处理过，跳过
  ⚠ 跳过：链接已处理过（重复）

处理第 10/10 个卡片...
    点击'立即投递'按钮...
    ✓ 获取到链接: https://mp.weixin.qq.com/s/dPakl9zMFn8B-Aw3IiccrA...
  ✓ 公司: 三江化工2026年校园招聘, 类型: 秋招正式批, 链接: 已获取

✓ 当前页抓取完成，共 10 条记录

已达到最大页数限制 (1)，停止抓取

============================================================
保存数据到Excel...
============================================================

数据清理前: 4 条记录
过滤无效记录后: 4 条有效记录
最终有效记录: 4 条（仅保留有公司名称的记录）

✓ 数据已保存到: recruit_data_20251206_190546.xlsx
  共 4 条记录

列名: 公司名称, 公司类型, 工作地点, 招聘类型, 招聘对象, 岗位, 更新时间, 投递截止, 相关链接

============================================================
抓取完成！
结束时间: 2025-12-06 19:05:46
共抓取 4 条记录
============================================================

